============================================================
  Generated by:           Genus(TM) Synthesis Solution 18.14-s037_1
  Generated on:           Dec 17 2019  11:45:06 am
  Module:                 xtea
    Operating conditions: wc_0.90V_125C 
  Interconnect mode:      global
  Area mode:              physical library
============================================================

                                                                 Library 
        Gate          Instances    Area           Library         Domain 
-------------------------------------------------------------------------
HS65_GS_BFX13                 6     18.720    CORE65GPSVT              0 
HS65_GS_BFX18                19     59.280    CORE65GPSVT              0 
HS65_GS_BFX2                  2      4.160    CORE65GPSVT              0 
HS65_GS_BFX22                 1      3.640    CORE65GPSVT              0 
HS65_GS_BFX27                 5     18.200    CORE65GPSVT              0 
HS65_GS_BFX31                 4     20.800    CORE65GPSVT              0 
HS65_GS_BFX35                 4     20.800    CORE65GPSVT              0 
HS65_GS_BFX4                 51    106.080    CORE65GPSVT              0 
HS65_GS_BFX44                 1      5.720    CORE65GPSVT              0 
HS65_GS_BFX7                 11     22.880    CORE65GPSVT              0 
HS65_GS_BFX9                117    243.360    CORE65GPSVT              0 
HS65_GS_IVX13                 6     12.480    CORE65GPSVT              0 
HS65_GS_IVX18                33     68.640    CORE65GPSVT              0 
HS65_GS_IVX2                 36     56.160    CORE65GPSVT              0 
HS65_GS_IVX27                 4     12.480    CORE65GPSVT              0 
HS65_GS_IVX4                 31     48.360    CORE65GPSVT              0 
HS65_GS_IVX7                354    552.240    CORE65GPSVT              0 
HS65_GS_IVX9                676   1054.560    CORE65GPSVT              0 
ST_INCL1W1111OF4X13           1      6.760    ASCEND_NCL65GPSVT        0 
ST_INCL1W1111OF4X9            2      7.280    ASCEND_NCL65GPSVT        0 
ST_INCL1W111OF3X18            1      5.720    ASCEND_NCL65GPSVT        0 
ST_INCL1W111OF3X31            1      9.880    ASCEND_NCL65GPSVT        0 
ST_INCL1W111OF3X9             5     15.600    ASCEND_NCL65GPSVT        0 
ST_INCL1W11OF2X13            22     80.080    ASCEND_NCL65GPSVT        0 
ST_INCL1W11OF2X18           270    982.800    ASCEND_NCL65GPSVT        0 
ST_INCL1W11OF2X2              2      4.160    ASCEND_NCL65GPSVT        0 
ST_INCL1W11OF2X4             12     24.960    ASCEND_NCL65GPSVT        0 
ST_INCL1W11OF2X7             33     68.640    ASCEND_NCL65GPSVT        0 
ST_INCL1W11OF2X9            931   1936.480    ASCEND_NCL65GPSVT        0 
ST_INCL2W111OF3X18            5     59.800    ASCEND_NCL65GPSVT        0 
ST_INCL2W111OF3X9             1      8.320    ASCEND_NCL65GPSVT        0 
ST_INCL2W11OF2X13             8     66.560    ASCEND_NCL65GPSVT        0 
ST_INCL2W11OF2X18            18    131.040    ASCEND_NCL65GPSVT        0 
ST_INCL2W11OF2X31            33    343.200    ASCEND_NCL65GPSVT        0 
ST_INCL2W11OF2X4           1353   8442.720    ASCEND_NCL65GPSVT        0 
ST_INCL2W11OF2X7             26    162.240    ASCEND_NCL65GPSVT        0 
ST_INCL2W211OF3X13            3     29.640    ASCEND_NCL65GPSVT        0 
ST_INCL2W211OF3X18           39    365.040    ASCEND_NCL65GPSVT        0 
ST_INCL2W211OF3X22           11    148.720    ASCEND_NCL65GPSVT        0 
ST_INCL2W211OF3X31           43    760.240    ASCEND_NCL65GPSVT        0 
ST_INCL2W211OF3X7             9     56.160    ASCEND_NCL65GPSVT        0 
ST_INCL2W211OF3X9            10     67.600    ASCEND_NCL65GPSVT        0 
ST_INCL3W111OF3X13            5     49.400    ASCEND_NCL65GPSVT        0 
ST_INCL3W111OF3X18            8     79.040    ASCEND_NCL65GPSVT        0 
ST_INCL3W111OF3X2            51    318.240    ASCEND_NCL65GPSVT        0 
ST_INCL3W111OF3X31            9    126.360    ASCEND_NCL65GPSVT        0 
ST_INCL3W111OF3X9            12     81.120    ASCEND_NCL65GPSVT        0 
ST_INCL3W211OF3X13            3     32.760    ASCEND_NCL65GPSVT        0 
ST_INCL3W211OF3X18           23    227.240    ASCEND_NCL65GPSVT        0 
ST_INCL3W211OF3X31           33    463.320    ASCEND_NCL65GPSVT        0 
ST_INCL3W211OF3X4             1      6.760    ASCEND_NCL65GPSVT        0 
ST_INCL3W211OF3X7             3     20.280    ASCEND_NCL65GPSVT        0 
ST_INCL3W211OF3X9            23    155.480    ASCEND_NCL65GPSVT        0 
ST_INCL3W3111OF4X4            1      8.840    ASCEND_NCL65GPSVT        0 
ST_INCL3W3211OF4X22           8    108.160    ASCEND_NCL65GPSVT        0 
ST_INCL3W3211OF4X31           1     17.680    ASCEND_NCL65GPSVT        0 
ST_INCL3W3211OF4X7            1      8.840    ASCEND_NCL65GPSVT        0 
ST_INCL3W3211OF4X9            2     17.680    ASCEND_NCL65GPSVT        0 
ST_INCL4W1111OF4X4           31    274.040    ASCEND_NCL65GPSVT        0 
ST_INCL4W1111OF4X9           18    224.640    ASCEND_NCL65GPSVT        0 
ST_INCL4W2111OF4X7            1     14.040    ASCEND_NCL65GPSVT        0 
ST_INCL4W3111OF4X18           1     14.040    ASCEND_NCL65GPSVT        0 
ST_INCL4W3111OF4X22           1     14.560    ASCEND_NCL65GPSVT        0 
ST_INCL5W2211OF4X7            1     12.480    ASCEND_NCL65GPSVT        0 
ST_INCL5W3211OF4X13           1     12.480    ASCEND_NCL65GPSVT        0 
ST_INCL5W3211OF4X18           2     26.000    ASCEND_NCL65GPSVT        0 
ST_INCL5W3211OF4X22           4     70.720    ASCEND_NCL65GPSVT        0 
ST_INCL5W3211OF4X4            8     70.720    ASCEND_NCL65GPSVT        0 
ST_INCL5W3211OF4X9            2     19.760    ASCEND_NCL65GPSVT        0 
ST_INCLAO22OF4X13             3     53.040    ASCEND_NCL65GPSVT        0 
ST_INCLAO22OF4X18             6    106.080    ASCEND_NCL65GPSVT        0 
ST_INCLAO22OF4X4              1      8.840    ASCEND_NCL65GPSVT        0 
ST_INCLAO22OF4X7             14    131.040    ASCEND_NCL65GPSVT        0 
ST_INCLAO22OF4X9              3     35.880    ASCEND_NCL65GPSVT        0 
ST_INCLOA22OF4X13             2     23.920    ASCEND_NCL65GPSVT        0 
ST_INCLOA22OF4X18             2     24.960    ASCEND_NCL65GPSVT        0 
ST_INCLOA22OF4X7             28    247.520    ASCEND_NCL65GPSVT        0 
ST_INCLP1W1111OF4X13          2     13.520    ASCEND_NCLP65GPSVT       0 
ST_INCLP1W1111OF4X18          5     33.800    ASCEND_NCLP65GPSVT       0 
ST_INCLP1W1111OF4X9          59    214.760    ASCEND_NCLP65GPSVT       0 
ST_INCLP1W111OF3X13           2     10.400    ASCEND_NCLP65GPSVT       0 
ST_INCLP1W111OF3X18          10     52.000    ASCEND_NCLP65GPSVT       0 
ST_INCLP1W111OF3X2            1      3.120    ASCEND_NCLP65GPSVT       0 
ST_INCLP1W111OF3X7            2      6.240    ASCEND_NCLP65GPSVT       0 
ST_INCLP1W111OF3X9           21     65.520    ASCEND_NCLP65GPSVT       0 
ST_INCLP1W11OF2X13           80    291.200    ASCEND_NCLP65GPSVT       0 
ST_INCLP1W11OF2X18           25    130.000    ASCEND_NCLP65GPSVT       0 
ST_INCLP1W11OF2X2            16     33.280    ASCEND_NCLP65GPSVT       0 
ST_INCLP1W11OF2X27           67    418.080    ASCEND_NCLP65GPSVT       0 
ST_INCLP1W11OF2X4           400    832.000    ASCEND_NCLP65GPSVT       0 
ST_INCLP1W11OF2X9           109    396.760    ASCEND_NCLP65GPSVT       0 
ST_INCLP2W111OF3X22           4     47.840    ASCEND_NCLP65GPSVT       0 
ST_INCLP2W111OF3X9            1      8.320    ASCEND_NCLP65GPSVT       0 
ST_INCLP2W11OF2X18            7     50.960    ASCEND_NCLP65GPSVT       0 
ST_INCLP2W11OF2X31            5     52.000    ASCEND_NCLP65GPSVT       0 
ST_INCLP2W11OF2X4             1      6.240    ASCEND_NCLP65GPSVT       0 
ST_INCLP2W11OF2X7            13     81.120    ASCEND_NCLP65GPSVT       0 
ST_INCLP2W211OF3X18          36    430.560    ASCEND_NCLP65GPSVT       0 
ST_INCLP2W211OF3X27          40    603.200    ASCEND_NCLP65GPSVT       0 
ST_INCLP2W211OF3X7           24    174.720    ASCEND_NCLP65GPSVT       0 
ST_INCLP2W211OF3X9           13    128.440    ASCEND_NCLP65GPSVT       0 
ST_INCLP3W111OF3X18           5     49.400    ASCEND_NCLP65GPSVT       0 
ST_INCLP3W111OF3X2           48    299.520    ASCEND_NCLP65GPSVT       0 
ST_INCLP3W111OF3X31           4     56.160    ASCEND_NCLP65GPSVT       0 
ST_INCLP3W111OF3X7            1      7.280    ASCEND_NCLP65GPSVT       0 
ST_INCLP3W111OF3X9          115    777.400    ASCEND_NCLP65GPSVT       0 
ST_INCLP3W211OF3X13           5     49.400    ASCEND_NCLP65GPSVT       0 
ST_INCLP3W211OF3X18          11    131.560    ASCEND_NCLP65GPSVT       0 
ST_INCLP3W211OF3X27          16    241.280    ASCEND_NCLP65GPSVT       0 
ST_INCLP3W211OF3X7          387   2616.120    ASCEND_NCLP65GPSVT       0 
ST_INCLP3W211OF3X9           30    202.800    ASCEND_NCLP65GPSVT       0 
ST_INCLP3W2211OF4X13          1     16.120    ASCEND_NCLP65GPSVT       0 
ST_INCLP3W3211OF4X13          1     11.960    ASCEND_NCLP65GPSVT       0 
ST_INCLP3W3211OF4X18          1     12.480    ASCEND_NCLP65GPSVT       0 
ST_INCLP3W3211OF4X9           8     70.720    ASCEND_NCLP65GPSVT       0 
ST_INCLP4W1111OF4X4          28    247.520    ASCEND_NCLP65GPSVT       0 
ST_INCLP4W1111OF4X9          36    449.280    ASCEND_NCLP65GPSVT       0 
ST_INCLP4W3111OF4X7           2     15.600    ASCEND_NCLP65GPSVT       0 
ST_INCLP5W2211OF4X7           3     26.520    ASCEND_NCLP65GPSVT       0 
ST_INCLP5W3211OF4X4           2     18.720    ASCEND_NCLP65GPSVT       0 
ST_INCLP5W3211OF4X7           3     28.080    ASCEND_NCLP65GPSVT       0 
ST_INCLP5W3211OF4X9          22    205.920    ASCEND_NCLP65GPSVT       0 
ST_INCLPAO22OF4X13            1     12.480    ASCEND_NCLP65GPSVT       0 
ST_INCLPAO22OF4X7            20    166.400    ASCEND_NCLP65GPSVT       0 
ST_INCLPAO22OF4X9            13    114.920    ASCEND_NCLP65GPSVT       0 
ST_INCLPOA22OF4X9             1      8.840    ASCEND_NCLP65GPSVT       0 
ST_NCL1W111OF3X13             1      4.680    ASCEND_NCL65GPSVT        0 
ST_NCL1W111OF3X18             4     16.640    ASCEND_NCL65GPSVT        0 
ST_NCL1W111OF3X2              2      7.280    ASCEND_NCL65GPSVT        0 
ST_NCL1W111OF3X4              2      7.280    ASCEND_NCL65GPSVT        0 
ST_NCL1W111OF3X7              3     12.480    ASCEND_NCL65GPSVT        0 
ST_NCL1W11OF2X13              8     29.120    ASCEND_NCL65GPSVT        0 
ST_NCL1W11OF2X2               2      6.240    ASCEND_NCL65GPSVT        0 
ST_NCL1W11OF2X4              35    109.200    ASCEND_NCL65GPSVT        0 
ST_NCL1W11OF2X7               2      6.240    ASCEND_NCL65GPSVT        0 
ST_NCL1W11OF2X9             334   1042.080    ASCEND_NCL65GPSVT        0 
ST_NCL2W111OF3X13            10     93.600    ASCEND_NCL65GPSVT        0 
ST_NCL2W111OF3X4              1      8.320    ASCEND_NCL65GPSVT        0 
ST_NCL2W111OF3X9              2     16.640    ASCEND_NCL65GPSVT        0 
ST_NCL2W11OF2X13            342   2134.080    ASCEND_NCL65GPSVT        0 
ST_NCL2W11OF2X2               3     15.600    ASCEND_NCL65GPSVT        0 
ST_NCL2W11OF2X4             112    582.400    ASCEND_NCL65GPSVT        0 
ST_NCL2W11OF2X9              34    212.160    ASCEND_NCL65GPSVT        0 
ST_NCL2W211OF3X13             3     21.840    ASCEND_NCL65GPSVT        0 
ST_NCL2W211OF3X4              1      6.240    ASCEND_NCL65GPSVT        0 
ST_NCL2W211OF3X7              4     24.960    ASCEND_NCL65GPSVT        0 
ST_NCL2W211OF3X9             52    324.480    ASCEND_NCL65GPSVT        0 
ST_NCL2W2211OF4X13            4     35.360    ASCEND_NCL65GPSVT        0 
ST_NCL3W111OF3X18            11     74.360    ASCEND_NCL65GPSVT        0 
ST_NCL3W111OF3X7             36    224.640    ASCEND_NCL65GPSVT        0 
ST_NCL3W111OF3X9              4     29.120    ASCEND_NCL65GPSVT        0 
ST_NCL3W211OF3X18             6     46.800    ASCEND_NCL65GPSVT        0 
ST_NCL3W211OF3X9             38    256.880    ASCEND_NCL65GPSVT        0 
ST_NCL3W2211OF4X13            1     11.960    ASCEND_NCL65GPSVT        0 
ST_NCL3W3211OF4X13            3     31.200    ASCEND_NCL65GPSVT        0 
ST_NCL3W3211OF4X9             5     44.200    ASCEND_NCL65GPSVT        0 
ST_NCL4W1111OF4X13            1      8.840    ASCEND_NCL65GPSVT        0 
ST_NCL4W1111OF4X7            43    335.400    ASCEND_NCL65GPSVT        0 
ST_NCL4W1111OF4X9             1      8.320    ASCEND_NCL65GPSVT        0 
ST_NCL4W3111OF4X4             1      8.320    ASCEND_NCL65GPSVT        0 
ST_NCL5W2211OF4X4             5     44.200    ASCEND_NCL65GPSVT        0 
ST_NCL5W2211OF4X9             3     26.520    ASCEND_NCL65GPSVT        0 
ST_NCL5W3211OF4X9            43    380.120    ASCEND_NCL65GPSVT        0 
ST_NCLAO21O2OF4X13            1      9.880    ASCEND_NCL65GPSVT        0 
ST_NCLAO22OF4X13             23    227.240    ASCEND_NCL65GPSVT        0 
ST_NCLAO22OF4X2               4     35.360    ASCEND_NCL65GPSVT        0 
ST_NCLAO22OF4X7             218   1813.760    ASCEND_NCL65GPSVT        0 
ST_NCLAO22OF4X9               7     61.880    ASCEND_NCL65GPSVT        0 
ST_NCLOA22OF4X2               1      8.840    ASCEND_NCL65GPSVT        0 
ST_NCLOA22OF4X4               3     26.520    ASCEND_NCL65GPSVT        0 
ST_NCLOA22OF4X7               2     18.720    ASCEND_NCL65GPSVT        0 
ST_NCLOA22OF4X9               3     28.080    ASCEND_NCL65GPSVT        0 
ST_NCLP1W1111OF4X18           1      5.200    ASCEND_NCLP65GPSVT       0 
ST_NCLP1W1111OF4X7            1      4.680    ASCEND_NCLP65GPSVT       0 
ST_NCLP1W111OF3X13            1      4.680    ASCEND_NCLP65GPSVT       0 
ST_NCLP1W111OF3X18            3     14.040    ASCEND_NCLP65GPSVT       0 
ST_NCLP1W111OF3X7             2      8.320    ASCEND_NCLP65GPSVT       0 
ST_NCLP1W111OF3X9            10     41.600    ASCEND_NCLP65GPSVT       0 
ST_NCLP1W11OF2X13             3     10.920    ASCEND_NCLP65GPSVT       0 
ST_NCLP1W11OF2X18            44    160.160    ASCEND_NCLP65GPSVT       0 
ST_NCLP1W11OF2X4              3      9.360    ASCEND_NCLP65GPSVT       0 
ST_NCLP1W11OF2X7              9     28.080    ASCEND_NCLP65GPSVT       0 
ST_NCLP1W11OF2X9             55    171.600    ASCEND_NCLP65GPSVT       0 
ST_NCLP2W111OF3X9             1      8.320    ASCEND_NCLP65GPSVT       0 
ST_NCLP2W11OF2X13            12     74.880    ASCEND_NCLP65GPSVT       0 
ST_NCLP2W11OF2X2              7     36.400    ASCEND_NCLP65GPSVT       0 
ST_NCLP2W11OF2X4            162    842.400    ASCEND_NCLP65GPSVT       0 
ST_NCLP2W11OF2X7              1      6.240    ASCEND_NCLP65GPSVT       0 
ST_NCLP2W11OF2X9             13     81.120    ASCEND_NCLP65GPSVT       0 
ST_NCLP2W211OF3X13            2     14.560    ASCEND_NCLP65GPSVT       0 
ST_NCLP2W211OF3X18           18    131.040    ASCEND_NCLP65GPSVT       0 
ST_NCLP2W211OF3X7             7     47.320    ASCEND_NCLP65GPSVT       0 
ST_NCLP2W211OF3X9            22    148.720    ASCEND_NCLP65GPSVT       0 
ST_NCLP2W2211OF4X4            1      7.800    ASCEND_NCLP65GPSVT       0 
ST_NCLP2W2211OF4X9            1      8.320    ASCEND_NCLP65GPSVT       0 
ST_NCLP3W111OF3X18            5     33.800    ASCEND_NCLP65GPSVT       0 
ST_NCLP3W111OF3X4            30    187.200    ASCEND_NCLP65GPSVT       0 
ST_NCLP3W111OF3X7            10     62.400    ASCEND_NCLP65GPSVT       0 
ST_NCLP3W211OF3X18            9     65.520    ASCEND_NCLP65GPSVT       0 
ST_NCLP3W211OF3X7             1      6.760    ASCEND_NCLP65GPSVT       0 
ST_NCLP3W211OF3X9            11     74.360    ASCEND_NCLP65GPSVT       0 
ST_NCLP3W3111OF4X2            1      8.320    ASCEND_NCLP65GPSVT       0 
ST_NCLP3W3111OF4X9            3     26.520    ASCEND_NCLP65GPSVT       0 
ST_NCLP4W1111OF4X13           1      8.840    ASCEND_NCLP65GPSVT       0 
ST_NCLP4W1111OF4X7           25    195.000    ASCEND_NCLP65GPSVT       0 
ST_NCLP4W1111OF4X9            1      8.320    ASCEND_NCLP65GPSVT       0 
ST_NCLP4W3111OF4X13           1      9.360    ASCEND_NCLP65GPSVT       0 
ST_NCLP4W3111OF4X9            1      8.840    ASCEND_NCLP65GPSVT       0 
ST_NCLP5W3211OF4X13           2     18.720    ASCEND_NCLP65GPSVT       0 
ST_NCLP5W3211OF4X7            3     26.520    ASCEND_NCLP65GPSVT       0 
ST_NCLPAO22OF4X4              1      8.320    ASCEND_NCLP65GPSVT       0 
ST_NCLPAO22OF4X7              5     41.600    ASCEND_NCLP65GPSVT       0 
ST_NCLPOA22OF4X9              1      8.840    ASCEND_NCLP65GPSVT       0 
ST_RNCL2W11OF2X18             1      7.280    ASCEND_NCL65GPSVT        0 
ST_RNCL2W11OF2X2             23    143.520    ASCEND_NCL65GPSVT        0 
ST_RNCL2W11OF2X4             21    131.040    ASCEND_NCL65GPSVT        0 
ST_RNCL2W11OF2X7              1      6.240    ASCEND_NCL65GPSVT        0 
ST_RNCL2W11OF2X9           1438   8973.120    ASCEND_NCL65GPSVT        0 
ST_SNCL2W11OF2X9            300   1872.000    ASCEND_NCL65GPSVT        0 
SY_INCL2W11OF2X13             7     61.880    ASCEND_NCL65GPSVT        0 
SY_INCL2W11OF2X18            47    415.480    ASCEND_NCL65GPSVT        0 
SY_INCL2W11OF2X2             23    155.480    ASCEND_NCL65GPSVT        0 
SY_INCL2W11OF2X4             38    237.120    ASCEND_NCL65GPSVT        0 
SY_INCL2W11OF2X7             47    293.280    ASCEND_NCL65GPSVT        0 
SY_INCL2W11OF2X9            467   2914.080    ASCEND_NCL65GPSVT        0 
SY_INCLP2W11OF2X18            7     61.880    ASCEND_NCLP65GPSVT       0 
SY_INCLP2W11OF2X2             1      6.760    ASCEND_NCLP65GPSVT       0 
SY_INCLP2W11OF2X4             8     49.920    ASCEND_NCLP65GPSVT       0 
SY_INCLP2W11OF2X7            25    156.000    ASCEND_NCLP65GPSVT       0 
SY_INCLP2W11OF2X9           323   2015.520    ASCEND_NCLP65GPSVT       0 
SY_NCL2W11OF2X18             20    135.200    ASCEND_NCL65GPSVT        0 
SY_NCL2W11OF2X2               1      6.240    ASCEND_NCL65GPSVT        0 
SY_NCL2W11OF2X4               6     37.440    ASCEND_NCL65GPSVT        0 
SY_NCL2W11OF2X9              35    218.400    ASCEND_NCL65GPSVT        0 
SY_NCLP2W11OF2X13             1      6.760    ASCEND_NCLP65GPSVT       0 
SY_NCLP2W11OF2X18            11     74.360    ASCEND_NCLP65GPSVT       0 
SY_NCLP2W11OF2X4              8     49.920    ASCEND_NCLP65GPSVT       0 
SY_NCLP2W11OF2X9             17    106.080    ASCEND_NCLP65GPSVT       0 
SY_RNCL2W11OF2X13             1      7.800    ASCEND_NCL65GPSVT        0 
SY_RNCL2W11OF2X4              1      7.280    ASCEND_NCL65GPSVT        0 
SY_RNCL2W11OF2X7              1      7.280    ASCEND_NCL65GPSVT        0 
SY_RNCL2W11OF2X9             13     94.640    ASCEND_NCL65GPSVT        0 
-------------------------------------------------------------------------
total                     11026  58533.800                       


      Library      Instances    Area   Instances % 
---------------------------------------------------
ASCEND_NCL65GPSVT       7067 41092.480        64.1 
ASCEND_NCLP65GPSVT      2598 15112.760        23.6 
CORE65GPSVT             1361  2328.560        12.3 

                                          
     Type      Instances    Area   Area % 
------------------------------------------
sequential          1800 11250.200   19.2 
inverter            1140  1804.920    3.1 
buffer               221   523.640    0.9 
logic               7865 44955.040   76.8 
physical_cells         0     0.000    0.0 
------------------------------------------
total              11026 58533.800  100.0 

