============================================================
  Generated by:           Genus(TM) Synthesis Solution 18.14-s037_1
  Generated on:           Dec 17 2019  11:45:07 am
  Module:                 xtea
    Operating conditions: wc_0.90V_125C 
  Interconnect mode:      global
  Area mode:              physical library
============================================================

Timing
--------

 Analysis view  Clock Period 
-----------------------------
worst_flop_view clk   3750.0 


    Analysis      Cost   Critical       Violating 
      View       Group  Path Slack TNS    Paths   
--------------------------------------------------
worst_flop_view     clk        0.0 0.0          0 
                default   No paths 0.0          0 
--------------------------------------------------
Total                              0.0          0 
                                                  

Instance Count
--------------
Leaf Instance Count             11026 
Physical Instance count             0 
Sequential Instance Count        1800 
Combinational Instance Count     9226 
Hierarchical Instance Count         0 

Area
----
Cell Area                          58533.800
Physical Cell Area                 0.000
Total Cell Area (Cell+Physical)    58533.800
Net Area                           23836.475
Total Area (Cell+Physical+Net)     82370.275

Max Fanout                         1800 (clk)
Min Fanout                         0 (n_7358)
Average Fanout                     2.2
Terms to net ratio                 3.3332
Terms to instance ratio            3.4693
Runtime                            1354.586989 seconds
Elapsed Runtime                    1353 seconds
Genus peak memory usage            1309.12 
Innovus peak memory usage          no_value 
Hostname                           paxos.inf.pucrs.br
