============================================================
  Generated by:           Genus(TM) Synthesis Solution 18.14-s037_1
  Generated on:           Dec 17 2019  11:45:05 am
  Module:                 xtea
    Operating conditions: wc_0.90V_125C 
  Interconnect mode:      global
  Area mode:              physical library
============================================================


Path 1: MET (0 ps) Setup Check with Pin v1_reg_25__f/G->A
           View: worst_flop_view
          Group: clk
     Startpoint: (R) sum_reg_1__s1_t/G
          Clock: (R) clk
       Endpoint: (F) v1_reg_25__f/A
          Clock: (R) clk

                     Capture       Launch     
        Clock Edge:+    3750            0     
       Src Latency:+       0            0     
       Net Latency:+       0 (I)        0 (I) 
           Arrival:=    3750            0     
                                              
             Setup:-      -3                  
       Uncertainty:-      10                  
     Required Time:=    3743                  
      Launch Clock:-       0                  
         Data Path:-    3743                  
             Slack:=       0                  

#-----------------------------------------------------------------------------------------------------
#   Timing Point    Flags   Arc   Edge         Cell          Fanout Load Trans Delay Arrival Instance 
#                                                                   (fF)  (ps)  (ps)   (ps)  Location 
#-----------------------------------------------------------------------------------------------------
  sum_reg_1__s1_t/G -       -     R     (arrival)              1800    -     0     -       0    (-,-) 
  sum_reg_1__s1_t/Q (p)     G->Q  F     SY_RNCL2W11OF2X9          2 10.2    41    75      75    (-,-) 
  fopt183911/Z      -       A->Z  F     HS65_GS_BFX35             5 32.2    23    53     128    (-,-) 
  g177695/Q         (p)     B->Q  R     SY_INCL2W11OF2X18         1  8.8    61    30     158    (-,-) 
  fopt190353/Z      -       A->Z  F     HS65_GS_IVX18             3 14.5    24    29     188    (-,-) 
  fopt190355/Z      -       A->Z  F     HS65_GS_BFX44            10 40.8    24    50     238    (-,-) 
  g190357/Q         (p)     B->Q  R     ST_INCL2W11OF2X4          1  6.7   197   114     352    (-,-) 
  g175027/Q         (P)     C->Q  F     ST_INCLP1W1111OF4X13      2 10.4   137    85     437    (-,-) 
  g174188/Q         (p)     B->Q  R     ST_INCL1W11OF2X9          2 10.0   164    98     535    (-,-) 
  g174111/Z         -       A->Z  F     HS65_GS_IVX9              2 16.0    57    70     606    (-,-) 
  g173139/Q         (p)     A->Q  R     SY_INCL2W11OF2X18         2  8.3    59    35     640    (-,-) 
  g5/Q              (P)     A->Q  R     ST_NCLP1W11OF2X18         2 15.0    54    60     700    (-,-) 
  g184637/Q         (P)     C->Q  F     ST_INCLP2W211OF3X27       3 12.7    49    23     723    (-,-) 
  g191598/Q         (p)     B->Q  R     ST_INCL2W11OF2X7          1 11.4   142    76     798    (-,-) 
  g191596/Q         (P)     B->Q  F     ST_INCLP1W11OF2X27        2 13.3    61    35     834    (-,-) 
  g192228/Q         (p)     B->Q  R     SY_INCL2W11OF2X18         1 11.2    66    38     872    (-,-) 
  g192227/Q         (P)     A->Q  F     ST_INCLP1W11OF2X27        3 14.6    64    30     901    (-,-) 
  g190416/Q         (p)     B->Q  R     SY_INCL2W11OF2X2          1  6.5   138    72     973    (-,-) 
  g185182/Q         (P)     A->Q  F     ST_INCLP1W11OF2X13        2  9.1    81    50    1023    (-,-) 
  g192185/Q         (p)     B->Q  F     ST_NCLAO22OF4X7           2  9.0    91   183    1206    (-,-) 
  g171645/Q         (p)     B->Q  F     ST_NCL2W11OF2X13          3 16.7    60   103    1310    (-,-) 
  g190570/Q         (p)     A->Q  F     ST_NCL2W2211OF4X13        2 16.0    79   161    1471    (-,-) 
  g171288/Q         (p)     B->Q  R     ST_INCL2W11OF2X31         1  7.2    62    27    1498    (-,-) 
  g187972/Q         (P)     A->Q  F     SY_INCLP2W11OF2X9         2 13.3    69    40    1538    (-,-) 
  g171082/Q         (p)     D->Q  R     ST_INCL3W3211OF4X22       2 11.2   158    69    1607    (-,-) 
  g171067/Z         -       A->Z  F     HS65_GS_IVX2              1  5.6    63    75    1682    (-,-) 
  g171017/Q         (p)     B->Q  R     SY_INCL2W11OF2X4          1  5.3   114    62    1744    (-,-) 
  g50/Q             (P)     B->Q  R     ST_NCLP1W11OF2X18         4 21.6    66    76    1821    (-,-) 
  fopt184394/Z      -       A->Z  F     HS65_GS_IVX18             5 25.5    34    40    1860    (-,-) 
  g170936/Q         (p)     B->Q  R     SY_INCL2W11OF2X9          1 11.4    99    53    1913    (-,-) 
  g188764/Q         (P)     B->Q  F     ST_INCLP1W11OF2X27        3 15.0    53    33    1946    (-,-) 
  g191380/Q         (p)     B->Q  F     ST_NCLOA22OF4X7           2  8.8    87   181    2127    (-,-) 
  g192166/Q         (p)     C->Q  F     ST_NCLAO22OF4X7           2  9.1    91   183    2310    (-,-) 
  g190451/Q         (p)     B->Q  F     ST_NCLAO22OF4X9           2 11.8    91   182    2492    (-,-) 
  g170332/Q         (p)     A->Q  R     ST_INCL1W11OF2X18         2  9.8    92    57    2549    (-,-) 
  fopt190999/Z      -       A->Z  F     HS65_GS_IVX9              1 10.6    36    44    2593    (-,-) 
  g190085/Q         (p)     A->Q  R     SY_INCL2W11OF2X18         2 12.0    78    37    2630    (-,-) 
  g184305/Q         (P)     B->Q  F     ST_INCLP1W11OF2X9         3 14.9    87    55    2685    (-,-) 
  g190086/Q         (p)     B->Q  R     ST_INCL2W11OF2X13         1 11.2    97    52    2737    (-,-) 
  g169990/Q         (P)     A->Q  F     ST_INCLP1W11OF2X27        5 19.1    63    36    2773    (-,-) 
  g192189/Q         (p)     D->Q  F     ST_NCL5W3211OF4X9         2 12.7    83   140    2914    (-,-) 
  g169549/Q         (p)     D->Q  R     ST_INCL3W3211OF4X22       2 14.7   196    82    2996    (-,-) 
  g169381__184142/Q (P)     C->Q  F     ST_INCLP2W211OF3X27       2 13.7    89    19    3015    (-,-) 
  g169298__7118/Q   (p)     A->Q  R     SY_INCL2W11OF2X18         1 11.4    70    41    3056    (-,-) 
  g169236__1309/Q   (P)     B->Q  F     ST_INCLP1W11OF2X27        2 11.5    53    27    3082    (-,-) 
  g169138__9682/Q   (p)     B->Q  R     ST_INCL2W11OF2X18         2 13.2    97    50    3132    (-,-) 
  g142/Q            (P)     B->Q  F     ST_INCLP2W211OF3X18       2 14.4    73    50    3182    (-,-) 
  g190540/Q         (p)     B->Q  R     ST_INCL2W11OF2X31         2 10.0    67    31    3213    (-,-) 
  g184847/Q         (P)     B->Q  R     SY_NCLP2W11OF2X18         2 13.2    53    52    3266    (-,-) 
  g184846/Z         -       A->Z  F     HS65_GS_IVX18             4 23.3    30    34    3300    (-,-) 
  g190772/Q         (p)     C->Q  R     ST_INCL3W111OF3X31        2  9.6    92    38    3338    (-,-) 
  g168222__2391/Q   (P)     A->Q  F     ST_INCLP1W11OF2X9         2  7.6    63    41    3378    (-,-) 
  g168097__190166/Q (p)     B->Q  F     ST_NCL1W111OF3X4          1  5.3    70   117    3496    (-,-) 
  g191205/Q         (p)     C->Q  F     ST_NCL2W211OF3X9          1  5.5    63   126    3621    (-,-) 
  g178918/Q         (p)     B->Q  F     ST_NCL3W111OF3X18         1  5.2    56   121    3743    (-,-) 
  v1_reg_25__f/A    <<< (p) -     F     ST_RNCL2W11OF2X2          1    -     -     0    3743    (-,-) 
#-----------------------------------------------------------------------------------------------------

(P) : Instance is preserved
(p) : Instance is preserved but may be resized


