============================================================
  Generated by:           Genus(TM) Synthesis Solution 18.14-s037_1
  Generated on:           Dec 16 2019  05:44:02 pm
  Module:                 xtea
  Technology libraries:   PULSAR_NAND2 
                          PULSAR_NAND2 
  Operating conditions:   typical (balanced_tree)
  Wireload mode:          enclosed
  Area mode:              timing library
============================================================

                              
 Gate   Instances     Area        Library     
----------------------------------------------
dffenr        192   18432.000    PULSAR_NAND2 
dffr          107    6848.000    PULSAR_NAND2 
dffs            1      64.000    PULSAR_NAND2 
inv           738     738.000    PULSAR_NAND2 
mux2           82    3116.000    PULSAR_NAND2 
nand2        1521   47151.000    PULSAR_NAND2 
nor2         1255   38905.000    PULSAR_NAND2 
xor2          337   12806.000    PULSAR_NAND2 
zbuf           64      64.000    PULSAR_NAND2 
----------------------------------------------
total        4297  128124.000                 


                                           
     Type      Instances    Area    Area % 
-------------------------------------------
sequential           300  25344.000   19.8 
inverter             738    738.000    0.6 
tristate              64     64.000    0.0 
logic               3195 101978.000   79.6 
physical_cells         0      0.000    0.0 
-------------------------------------------
total               4297 128124.000  100.0 

