============================================================
  Generated by:           Genus(TM) Synthesis Solution 18.14-s037_1
  Generated on:           Dec 16 2019  05:44:02 pm
  Module:                 xtea
  Operating conditions:   typical (balanced_tree)
  Wireload mode:          enclosed
  Area mode:              timing library
============================================================


Path 1: VIOLATED (-270 ps) Setup Check with Pin v1_reg_31_/ck->d
          Group: clk
     Startpoint: (R) counter_reg_0_/ck
          Clock: (R) clk
       Endpoint: (R) v1_reg_31_/d
          Clock: (R) clk

                     Capture       Launch     
        Clock Edge:+     120            0     
       Src Latency:+       0            0     
       Net Latency:+       0 (I)        0 (I) 
           Arrival:=     120            0     
                                              
             Setup:-       0                  
     Required Time:=     120                  
      Launch Clock:-       0                  
         Data Path:-     390                  
             Slack:=    -270                  

#------------------------------------------------------------------------------------------------
#      Timing Point       Flags   Arc   Edge   Cell     Fanout Load Trans Delay Arrival Instance 
#                                                              (fF)  (ps)  (ps)   (ps)  Location 
#------------------------------------------------------------------------------------------------
  counter_reg_0_/ck       -       -     R     (arrival)    300    -     0     -       0    (-,-) 
  counter_reg_0_/q        -       ck->q R     dffr          11 21.0     0    10      10    (-,-) 
  g6371__6877/y           -       b->y  F     nor2          32 64.0     0     5      15    (-,-) 
  g6099__7114/y           -       a->y  R     nand2          1  2.0     0     5      20    (-,-) 
  g6044__5266/y           -       b->y  F     nand2          1  2.0     0    10      30    (-,-) 
  g633/y                  -       b->y  R     nor2           1  1.0     0    10      40    (-,-) 
  g632/y                  -       a->y  F     inv            2  4.0     0     0      40    (-,-) 
  g629/y                  -       a->y  R     nor2           3  5.0     0    10      50    (-,-) 
  g627/y                  -       b->y  F     nor2           1  1.0     0     5      55    (-,-) 
  g626/y                  -       a->y  R     inv            2  4.0     0     0      55    (-,-) 
  g8543/y                 -       a->y  F     nand2          3  5.0     0    10      65    (-,-) 
  g168/y                  -       a->y  R     nand2          2  4.0     0     5      70    (-,-) 
  g167/y                  -       a->y  F     nand2          5  9.0     0    10      80    (-,-) 
  g166/y                  -       a->y  R     inv            3  6.0     0     0      80    (-,-) 
  g8135/y                 -       a->y  F     nor2           1  2.0     0     5      85    (-,-) 
  g157/y                  -       a->y  R     nor2           7 13.0     0    10      95    (-,-) 
  g116/y                  -       a->y  F     inv            7 14.0     0     0      95    (-,-) 
  g7206/y                 -       a->y  R     nand2          1  2.0     0     5     100    (-,-) 
  g8107/y                 -       a->y  F     nand2          9 17.0     0    10     110    (-,-) 
  add_76_82_g1165/y       -       a->y  R     inv            4  8.0     0     0     110    (-,-) 
  add_76_82_g1160/y       -       a->y  F     nor2           1  2.0     0     5     115    (-,-) 
  add_76_82_g6688/y       -       a->y  R     nor2           1  2.0     0    10     125    (-,-) 
  g6410__6764/y           -       b->y  R     xor2           2  4.0     0    15     140    (-,-) 
  add_76_21_g6689/y       -       a->y  F     nor2           4  7.0     0     5     145    (-,-) 
  add_76_21_g1395/y       -       b->y  R     nor2           4  7.0     0    10     155    (-,-) 
  add_76_21_g1333/y       -       b->y  F     nand2          2  4.0     0    10     165    (-,-) 
  add_76_21_g1306/y       -       a->y  R     nor2           7 13.0     0    10     175    (-,-) 
  add_76_21_g1293/y       -       a->y  F     inv            4  8.0     0     0     175    (-,-) 
  add_76_21_g1289/y       -       b->y  R     nor2           1  2.0     0    10     185    (-,-) 
  g665/y                  -       a->y  F     nand2          1  1.0     0    10     195    (-,-) 
  g8008/y                 -       a->y  R     inv            1  2.0     0     0     195    (-,-) 
  g8007/y                 -       a->y  F     nor2           1  2.0     0     5     200    (-,-) 
  g8006/y                 -       a->y  R     nand2          1  2.0     0     5     205    (-,-) 
  add_76_21_g1147/y       -       a->y  R     xor2           4  8.0     0    15     220    (-,-) 
  g2856__5953/y           -       a->y  F     xor2           2  4.0     0    15     235    (-,-) 
  add_88_69_g1852/y       -       a->y  R     nor2           3  6.0     0    10     245    (-,-) 
  g8185/y                 -       a->y  F     nor2           1  2.0     0     5     250    (-,-) 
  g232/y                  -       a->y  R     nor2           4  7.0     0    10     260    (-,-) 
  g231/y                  -       a->y  F     inv            1  2.0     0     0     260    (-,-) 
  g404/y                  -       a->y  R     nand2          1  2.0     0     5     265    (-,-) 
  g402/y                  -       b->y  F     nand2          4  8.0     0    10     275    (-,-) 
  add_88_69_g1639__1786/y -       a->y  R     nand2          1  2.0     0     5     280    (-,-) 
  add_88_69_g1630__9682/y -       a->y  F     nand2          1  2.0     0    10     290    (-,-) 
  add_88_69_g1591__1840/y -       a->y  R     nor2           1  2.0     0    10     300    (-,-) 
  add_88_69_g1542__6599/y -       a->y  F     nand2          1  2.0     0    10     310    (-,-) 
  g6430__7432/y           -       b->y  F     xor2           2  4.0     0    15     325    (-,-) 
  g939/y                  -       a->y  R     nor2           2  3.0     0    10     335    (-,-) 
  add_88_21_g1203/y       -       b->y  F     nor2           1  1.0     0     5     340    (-,-) 
  add_88_21_g1193/y       -       a->y  R     inv            1  2.0     0     0     340    (-,-) 
  add_88_21_g1170/y       -       a->y  F     nand2          2  4.0     0    10     350    (-,-) 
  g1001/y                 -       a->y  R     nor2           1  1.0     0    10     360    (-,-) 
  g1000/y                 -       a->y  F     inv            1  2.0     0     0     360    (-,-) 
  g998/y                  -       b->y  R     nor2           1  2.0     0    10     370    (-,-) 
  g997/y                  -       a->y  F     nand2          1  2.0     0    10     380    (-,-) 
  g996/y                  -       a->y  R     nand2          1  1.0     0     5     385    (-,-) 
  g995/y                  -       a->y  F     inv            1  2.0     0     0     385    (-,-) 
  g994/y                  -       a->y  R     nand2          1  1.0     0     5     390    (-,-) 
  v1_reg_31_/d            -       -     R     dffr           1    -     -     0     390    (-,-) 
#------------------------------------------------------------------------------------------------

