============================================================
  Generated by:           Genus(TM) Synthesis Solution 18.14-s037_1
  Generated on:           Jan 12 2020  01:25:16 pm
  Module:                 xtea
  Operating conditions:   typical (balanced_tree)
  Wireload mode:          enclosed
  Area mode:              timing library
============================================================


Path 1: MET (0 ps) Setup Check with Pin add_74_113_I1_retime_s1_477_reg/ck->d
          Group: clk
     Startpoint: (R) in_enc[1]
          Clock: (R) clk
       Endpoint: (R) add_74_113_I1_retime_s1_477_reg/d
          Clock: (R) clk

                     Capture       Launch     
        Clock Edge:+     250            0     
        Drv Adjust:+       0            0     
       Src Latency:+       0            0     
       Net Latency:+       0 (I)        0 (I) 
           Arrival:=     250            0     
                                              
             Setup:-       0                  
     Required Time:=     250                  
      Launch Clock:-       0                  
       Input Delay:-      10                  
         Data Path:-     240                  
             Slack:=       0                  

Exceptions/Constraints:
  input_delay              10             in_del_192_1 

#----------------------------------------------------------------------------------------------------------
#           Timing Point            Flags   Arc   Edge   Cell     Fanout Load Trans Delay Arrival Instance 
#                                                                        (fF)  (ps)  (ps)   (ps)  Location 
#----------------------------------------------------------------------------------------------------------
  in_enc[1]                         -       -     R     (arrival)      5 10.0     0     0      10    (-,-) 
  g86394/y                          -       b->y  F     xor2           2  4.0     0    15      25    (-,-) 
  add_72_117_I1_g4863/y             -       a->y  R     nor2           3  6.0     0    10      35    (-,-) 
  add_72_117_I1_g4784/y             -       b->y  F     nor2           1  2.0     0     5      40    (-,-) 
  add_72_117_I1_g4763/y             -       a->y  R     nor2           3  5.0     0    10      50    (-,-) 
  add_72_117_I1_g4708/y             -       a->y  F     nor2           1  2.0     0     5      55    (-,-) 
  add_72_117_I1_g4686/y             -       a->y  R     nor2           1  2.0     0    10      65    (-,-) 
  add_72_117_I1_g4650/y             -       a->y  F     nand2          1  2.0     0    10      75    (-,-) 
  add_72_117_I1_g4607/y             -       a->y  R     xor2           1  2.0     0    15      90    (-,-) 
  g86378/y                          -       a->y  F     xor2           2  4.0     0    15     105    (-,-) 
  add_72_34_I1_g4799/y              -       a->y  R     nor2           4  7.0     0    10     115    (-,-) 
  add_72_34_I1_g4650/y              -       a->y  F     nor2           1  2.0     0     5     120    (-,-) 
  add_72_34_I1_g4611/y              -       a->y  R     nor2           2  4.0     0    10     130    (-,-) 
  add_72_34_I1_g4541/y              -       a->y  F     nand2          1  2.0     0    10     140    (-,-) 
  add_72_34_I1_g4494/y              -       a->y  R     nor2           6 11.0     0    10     150    (-,-) 
  add_72_34_I1_g4493/y              -       a->y  F     inv            3  6.0     0     0     150    (-,-) 
  add_72_34_I1_g4478/y              -       a->y  R     nand2          1  2.0     0     5     155    (-,-) 
  add_72_34_I1_g4474/y              -       a->y  F     nand2          1  2.0     0    10     165    (-,-) 
  add_72_34_I1_g4442/y              -       a->y  R     xor2           3  5.0     0    15     180    (-,-) 
  g86343/y                          -       a->y  R     xor2           3  6.0     0    15     195    (-,-) 
  add_74_113_I1_g12689/y            -       a->y  F     nand2          1  2.0     0    10     205    (-,-) 
  add_74_113_I1_g12586/y            -       a->y  R     nand2          1  2.0     0     5     210    (-,-) 
  add_74_113_I1_g12556/y            -       a->y  F     nand2          2  4.0     0    10     220    (-,-) 
  add_74_113_I1_g12500/y            -       a->y  R     nand2          1  2.0     0     5     225    (-,-) 
  add_74_113_I1_g12494/y            -       a->y  F     nand2          2  3.0     0    10     235    (-,-) 
  add_74_113_I1_g12474/y            -       a->y  R     nor2           1  1.0     0    10     245    (-,-) 
  add_74_113_I1_g12469/y            -       a->y  F     inv            1  2.0     0     0     245    (-,-) 
  add_74_113_I1_g12460/y            -       a->y  R     nand2          1  1.0     0     5     250    (-,-) 
  add_74_113_I1_retime_s1_477_reg/d <<<     -     R     dff            1    -     -     0     250    (-,-) 
#----------------------------------------------------------------------------------------------------------

