============================================================
  Generated by:           Genus(TM) Synthesis Solution 18.14-s037_1
  Generated on:           Jan 12 2020  01:25:14 pm
  Module:                 xtea
  Technology library:     PULSAR_NAND2 
  Operating conditions:   typical (balanced_tree)
  Wireload mode:          enclosed
  Area mode:              timing library
============================================================

                              
 Gate  Instances     Area         Library     
----------------------------------------------
dff        25633   820256.000    PULSAR_NAND2 
inv         9286     9286.000    PULSAR_NAND2 
mux2         102     3876.000    PULSAR_NAND2 
nand2      16207   502417.000    PULSAR_NAND2 
nor2       13253   410843.000    PULSAR_NAND2 
xor2       10517   399646.000    PULSAR_NAND2 
----------------------------------------------
total      74998  2146324.000                 


                                            
     Type      Instances     Area    Area % 
--------------------------------------------
sequential         25633  820256.000   38.2 
inverter            9286    9286.000    0.4 
logic              40079 1316782.000   61.4 
physical_cells         0       0.000    0.0 
--------------------------------------------
total              74998 2146324.000  100.0 

