============================================================
  Generated by:           Genus(TM) Synthesis Solution 18.14-s037_1
  Generated on:           Dec 17 2019  11:45:10 am
  Module:                 xtea
    Operating conditions: wc_0.90V_125C 
  Interconnect mode:      global
  Area mode:              physical library
============================================================

                                              Leakage                         Library 
        Gate          Instances    Area     Power (nW)         Library         Domain 
--------------------------------------------------------------------------------------
HS65_GS_BFX13                 6     18.720     1167.866    CORE65GPSVT              0 
HS65_GS_BFX18                19     59.280     4571.684    CORE65GPSVT              0 
HS65_GS_BFX2                  2      4.160      112.946    CORE65GPSVT              0 
HS65_GS_BFX22                 1      3.640      320.842    CORE65GPSVT              0 
HS65_GS_BFX27                 5     18.200     1835.516    CORE65GPSVT              0 
HS65_GS_BFX31                 4     20.800     1866.141    CORE65GPSVT              0 
HS65_GS_BFX35                 4     20.800     2039.868    CORE65GPSVT              0 
HS65_GS_BFX4                 51    106.080     3735.573    CORE65GPSVT              0 
HS65_GS_BFX44                 1      5.720      644.997    CORE65GPSVT              0 
HS65_GS_BFX7                 11     22.880      963.124    CORE65GPSVT              0 
HS65_GS_BFX9                117    243.360    12511.761    CORE65GPSVT              0 
HS65_GS_IVX13                 6     12.480      826.431    CORE65GPSVT              0 
HS65_GS_IVX18                33     68.640     5509.164    CORE65GPSVT              0 
HS65_GS_IVX2                 36     56.160     1021.154    CORE65GPSVT              0 
HS65_GS_IVX27                 4     12.480     1043.560    CORE65GPSVT              0 
HS65_GS_IVX4                 31     48.360     1433.321    CORE65GPSVT              0 
HS65_GS_IVX7                354    552.240    21996.208    CORE65GPSVT              0 
HS65_GS_IVX9                676   1054.560    53170.296    CORE65GPSVT              0 
ST_INCL1W1111OF4X13           1      6.760      219.217    ASCEND_NCL65GPSVT        0 
ST_INCL1W1111OF4X9            2      7.280      417.724    ASCEND_NCL65GPSVT        0 
ST_INCL1W111OF3X18            1      5.720      170.143    ASCEND_NCL65GPSVT        0 
ST_INCL1W111OF3X31            1      9.880     1155.240    ASCEND_NCL65GPSVT        0 
ST_INCL1W111OF3X9             5     15.600      704.613    ASCEND_NCL65GPSVT        0 
ST_INCL1W11OF2X13            22     80.080     3980.341    ASCEND_NCL65GPSVT        0 
ST_INCL1W11OF2X18           270    982.800    60764.856    ASCEND_NCL65GPSVT        0 
ST_INCL1W11OF2X2              2      4.160       79.274    ASCEND_NCL65GPSVT        0 
ST_INCL1W11OF2X4             12     24.960      808.566    ASCEND_NCL65GPSVT        0 
ST_INCL1W11OF2X7             33     68.640     2456.114    ASCEND_NCL65GPSVT        0 
ST_INCL1W11OF2X9            931   1936.480    85267.169    ASCEND_NCL65GPSVT        0 
ST_INCL2W111OF3X18            5     59.800      836.667    ASCEND_NCL65GPSVT        0 
ST_INCL2W111OF3X9             1      8.320       83.197    ASCEND_NCL65GPSVT        0 
ST_INCL2W11OF2X13             8     66.560      660.140    ASCEND_NCL65GPSVT        0 
ST_INCL2W11OF2X18            18    131.040     1835.803    ASCEND_NCL65GPSVT        0 
ST_INCL2W11OF2X31            33    343.200     6240.805    ASCEND_NCL65GPSVT        0 
ST_INCL2W11OF2X4           1353   8442.720    76417.544    ASCEND_NCL65GPSVT        0 
ST_INCL2W11OF2X7             26    162.240     1831.474    ASCEND_NCL65GPSVT        0 
ST_INCL2W211OF3X13            3     29.640      570.953    ASCEND_NCL65GPSVT        0 
ST_INCL2W211OF3X18           39    365.040     9350.841    ASCEND_NCL65GPSVT        0 
ST_INCL2W211OF3X22           11    148.720     3343.130    ASCEND_NCL65GPSVT        0 
ST_INCL2W211OF3X31           43    760.240    23198.822    ASCEND_NCL65GPSVT        0 
ST_INCL2W211OF3X7             9     56.160      943.057    ASCEND_NCL65GPSVT        0 
ST_INCL2W211OF3X9            10     67.600     1409.423    ASCEND_NCL65GPSVT        0 
ST_INCL3W111OF3X13            5     49.400      345.260    ASCEND_NCL65GPSVT        0 
ST_INCL3W111OF3X18            8     79.040      652.167    ASCEND_NCL65GPSVT        0 
ST_INCL3W111OF3X2            51    318.240     3197.772    ASCEND_NCL65GPSVT        0 
ST_INCL3W111OF3X31            9    126.360     1092.536    ASCEND_NCL65GPSVT        0 
ST_INCL3W111OF3X9            12     81.120      777.335    ASCEND_NCL65GPSVT        0 
ST_INCL3W211OF3X13            3     32.760      297.305    ASCEND_NCL65GPSVT        0 
ST_INCL3W211OF3X18           23    227.240     3304.653    ASCEND_NCL65GPSVT        0 
ST_INCL3W211OF3X31           33    463.320     9756.568    ASCEND_NCL65GPSVT        0 
ST_INCL3W211OF3X4             1      6.760       63.125    ASCEND_NCL65GPSVT        0 
ST_INCL3W211OF3X7             3     20.280      206.669    ASCEND_NCL65GPSVT        0 
ST_INCL3W211OF3X9            23    155.480     2202.916    ASCEND_NCL65GPSVT        0 
ST_INCL3W3111OF4X4            1      8.840      102.853    ASCEND_NCL65GPSVT        0 
ST_INCL3W3211OF4X22           8    108.160     2424.759    ASCEND_NCL65GPSVT        0 
ST_INCL3W3211OF4X31           1     17.680      514.984    ASCEND_NCL65GPSVT        0 
ST_INCL3W3211OF4X7            1      8.840       99.119    ASCEND_NCL65GPSVT        0 
ST_INCL3W3211OF4X9            2     17.680      234.112    ASCEND_NCL65GPSVT        0 
ST_INCL4W1111OF4X4           31    274.040     1662.688    ASCEND_NCL65GPSVT        0 
ST_INCL4W1111OF4X9           18    224.640     1017.924    ASCEND_NCL65GPSVT        0 
ST_INCL4W2111OF4X7            1     14.040      125.333    ASCEND_NCL65GPSVT        0 
ST_INCL4W3111OF4X18           1     14.040      259.244    ASCEND_NCL65GPSVT        0 
ST_INCL4W3111OF4X22           1     14.560      314.094    ASCEND_NCL65GPSVT        0 
ST_INCL5W2211OF4X7            1     12.480       62.021    ASCEND_NCL65GPSVT        0 
ST_INCL5W3211OF4X13           1     12.480       83.543    ASCEND_NCL65GPSVT        0 
ST_INCL5W3211OF4X18           2     26.000      171.020    ASCEND_NCL65GPSVT        0 
ST_INCL5W3211OF4X22           4     70.720      680.903    ASCEND_NCL65GPSVT        0 
ST_INCL5W3211OF4X4            8     70.720      508.479    ASCEND_NCL65GPSVT        0 
ST_INCL5W3211OF4X9            2     19.760      162.883    ASCEND_NCL65GPSVT        0 
ST_INCLAO22OF4X13             3     53.040      470.819    ASCEND_NCL65GPSVT        0 
ST_INCLAO22OF4X18             6    106.080     1315.007    ASCEND_NCL65GPSVT        0 
ST_INCLAO22OF4X4              1      8.840       70.314    ASCEND_NCL65GPSVT        0 
ST_INCLAO22OF4X7             14    131.040     1595.489    ASCEND_NCL65GPSVT        0 
ST_INCLAO22OF4X9              3     35.880      400.217    ASCEND_NCL65GPSVT        0 
ST_INCLOA22OF4X13             2     23.920      324.106    ASCEND_NCL65GPSVT        0 
ST_INCLOA22OF4X18             2     24.960      369.532    ASCEND_NCL65GPSVT        0 
ST_INCLOA22OF4X7             28    247.520     2892.393    ASCEND_NCL65GPSVT        0 
ST_INCLP1W1111OF4X13          2     13.520     1072.436    ASCEND_NCLP65GPSVT       0 
ST_INCLP1W1111OF4X18          5     33.800     3122.629    ASCEND_NCLP65GPSVT       0 
ST_INCLP1W1111OF4X9          59    214.760    20767.228    ASCEND_NCLP65GPSVT       0 
ST_INCLP1W111OF3X13           2     10.400      861.542    ASCEND_NCLP65GPSVT       0 
ST_INCLP1W111OF3X18          10     52.000     5179.348    ASCEND_NCLP65GPSVT       0 
ST_INCLP1W111OF3X2            1      3.120       90.034    ASCEND_NCLP65GPSVT       0 
ST_INCLP1W111OF3X7            2      6.240      413.112    ASCEND_NCLP65GPSVT       0 
ST_INCLP1W111OF3X9           21     65.520     4790.027    ASCEND_NCLP65GPSVT       0 
ST_INCLP1W11OF2X13           80    291.200    21039.203    ASCEND_NCLP65GPSVT       0 
ST_INCLP1W11OF2X18           25    130.000    13344.224    ASCEND_NCLP65GPSVT       0 
ST_INCLP1W11OF2X2            16     33.280      949.523    ASCEND_NCLP65GPSVT       0 
ST_INCLP1W11OF2X27           67    418.080    48916.893    ASCEND_NCLP65GPSVT       0 
ST_INCLP1W11OF2X4           400    832.000    31718.555    ASCEND_NCLP65GPSVT       0 
ST_INCLP1W11OF2X9           109    396.760    29480.443    ASCEND_NCLP65GPSVT       0 
ST_INCLP2W111OF3X22           4     47.840      685.613    ASCEND_NCLP65GPSVT       0 
ST_INCLP2W111OF3X9            1      8.320       81.801    ASCEND_NCLP65GPSVT       0 
ST_INCLP2W11OF2X18            7     50.960     1125.089    ASCEND_NCLP65GPSVT       0 
ST_INCLP2W11OF2X31            5     52.000      849.187    ASCEND_NCLP65GPSVT       0 
ST_INCLP2W11OF2X4             1      6.240       62.826    ASCEND_NCLP65GPSVT       0 
ST_INCLP2W11OF2X7            13     81.120     1029.920    ASCEND_NCLP65GPSVT       0 
ST_INCLP2W211OF3X18          36    430.560    15549.976    ASCEND_NCLP65GPSVT       0 
ST_INCLP2W211OF3X27          40    603.200    21727.423    ASCEND_NCLP65GPSVT       0 
ST_INCLP2W211OF3X7           24    174.720     2903.140    ASCEND_NCLP65GPSVT       0 
ST_INCLP2W211OF3X9           13    128.440     1891.446    ASCEND_NCLP65GPSVT       0 
ST_INCLP3W111OF3X18           5     49.400      427.247    ASCEND_NCLP65GPSVT       0 
ST_INCLP3W111OF3X2           48    299.520     3046.211    ASCEND_NCLP65GPSVT       0 
ST_INCLP3W111OF3X31           4     56.160      577.206    ASCEND_NCLP65GPSVT       0 
ST_INCLP3W111OF3X7            1      7.280       78.703    ASCEND_NCLP65GPSVT       0 
ST_INCLP3W111OF3X9          115    777.400    10533.699    ASCEND_NCLP65GPSVT       0 
ST_INCLP3W211OF3X13           5     49.400      763.429    ASCEND_NCLP65GPSVT       0 
ST_INCLP3W211OF3X18          11    131.560     2865.033    ASCEND_NCLP65GPSVT       0 
ST_INCLP3W211OF3X27          16    241.280     6412.498    ASCEND_NCLP65GPSVT       0 
ST_INCLP3W211OF3X7          387   2616.120    42338.767    ASCEND_NCLP65GPSVT       0 
ST_INCLP3W211OF3X9           30    202.800     2563.059    ASCEND_NCLP65GPSVT       0 
ST_INCLP3W2211OF4X13          1     16.120      161.626    ASCEND_NCLP65GPSVT       0 
ST_INCLP3W3211OF4X13          1     11.960      222.042    ASCEND_NCLP65GPSVT       0 
ST_INCLP3W3211OF4X18          1     12.480      325.190    ASCEND_NCLP65GPSVT       0 
ST_INCLP3W3211OF4X9           8     70.720     1232.915    ASCEND_NCLP65GPSVT       0 
ST_INCLP4W1111OF4X4          28    247.520     1868.315    ASCEND_NCLP65GPSVT       0 
ST_INCLP4W1111OF4X9          36    449.280     3767.062    ASCEND_NCLP65GPSVT       0 
ST_INCLP4W3111OF4X7           2     15.600      142.895    ASCEND_NCLP65GPSVT       0 
ST_INCLP5W2211OF4X7           3     26.520      252.299    ASCEND_NCLP65GPSVT       0 
ST_INCLP5W3211OF4X4           2     18.720      209.349    ASCEND_NCLP65GPSVT       0 
ST_INCLP5W3211OF4X7           3     28.080      270.662    ASCEND_NCLP65GPSVT       0 
ST_INCLP5W3211OF4X9          22    205.920     2083.279    ASCEND_NCLP65GPSVT       0 
ST_INCLPAO22OF4X13            1     12.480      139.570    ASCEND_NCLP65GPSVT       0 
ST_INCLPAO22OF4X7            20    166.400     2030.663    ASCEND_NCLP65GPSVT       0 
ST_INCLPAO22OF4X9            13    114.920     1312.543    ASCEND_NCLP65GPSVT       0 
ST_INCLPOA22OF4X9             1      8.840      103.060    ASCEND_NCLP65GPSVT       0 
ST_NCL1W111OF3X13             1      4.680      378.301    ASCEND_NCL65GPSVT        0 
ST_NCL1W111OF3X18             4     16.640     1548.010    ASCEND_NCL65GPSVT        0 
ST_NCL1W111OF3X2              2      7.280      115.751    ASCEND_NCL65GPSVT        0 
ST_NCL1W111OF3X4              2      7.280      180.558    ASCEND_NCL65GPSVT        0 
ST_NCL1W111OF3X7              3     12.480      500.008    ASCEND_NCL65GPSVT        0 
ST_NCL1W11OF2X13              8     29.120     1776.649    ASCEND_NCL65GPSVT        0 
ST_NCL1W11OF2X2               2      6.240      116.094    ASCEND_NCL65GPSVT        0 
ST_NCL1W11OF2X4              35    109.200     3321.526    ASCEND_NCL65GPSVT        0 
ST_NCL1W11OF2X7               2      6.240      337.388    ASCEND_NCL65GPSVT        0 
ST_NCL1W11OF2X9             334   1042.080    56396.730    ASCEND_NCL65GPSVT        0 
ST_NCL2W111OF3X13            10     93.600     2354.623    ASCEND_NCL65GPSVT        0 
ST_NCL2W111OF3X4              1      8.320      100.916    ASCEND_NCL65GPSVT        0 
ST_NCL2W111OF3X9              2     16.640      288.501    ASCEND_NCL65GPSVT        0 
ST_NCL2W11OF2X13            342   2134.080    76522.604    ASCEND_NCL65GPSVT        0 
ST_NCL2W11OF2X2               3     15.600      184.265    ASCEND_NCL65GPSVT        0 
ST_NCL2W11OF2X4             112    582.400     9636.065    ASCEND_NCL65GPSVT        0 
ST_NCL2W11OF2X9              34    212.160     4370.366    ASCEND_NCL65GPSVT        0 
ST_NCL2W211OF3X13             3     21.840      776.162    ASCEND_NCL65GPSVT        0 
ST_NCL2W211OF3X4              1      6.240      130.108    ASCEND_NCL65GPSVT        0 
ST_NCL2W211OF3X7              4     24.960      565.350    ASCEND_NCL65GPSVT        0 
ST_NCL2W211OF3X9             52    324.480     8671.078    ASCEND_NCL65GPSVT        0 
ST_NCL2W2211OF4X13            4     35.360     1161.840    ASCEND_NCL65GPSVT        0 
ST_NCL3W111OF3X18            11     74.360     2729.468    ASCEND_NCL65GPSVT        0 
ST_NCL3W111OF3X7             36    224.640     3928.153    ASCEND_NCL65GPSVT        0 
ST_NCL3W111OF3X9              4     29.120      567.429    ASCEND_NCL65GPSVT        0 
ST_NCL3W211OF3X18             6     46.800     1652.913    ASCEND_NCL65GPSVT        0 
ST_NCL3W211OF3X9             38    256.880     5680.624    ASCEND_NCL65GPSVT        0 
ST_NCL3W2211OF4X13            1     11.960      290.939    ASCEND_NCL65GPSVT        0 
ST_NCL3W3211OF4X13            3     31.200      812.337    ASCEND_NCL65GPSVT        0 
ST_NCL3W3211OF4X9             5     44.200      946.120    ASCEND_NCL65GPSVT        0 
ST_NCL4W1111OF4X13            1      8.840      214.298    ASCEND_NCL65GPSVT        0 
ST_NCL4W1111OF4X7            43    335.400     5066.754    ASCEND_NCL65GPSVT        0 
ST_NCL4W1111OF4X9             1      8.320      132.058    ASCEND_NCL65GPSVT        0 
ST_NCL4W3111OF4X4             1      8.320       86.568    ASCEND_NCL65GPSVT        0 
ST_NCL5W2211OF4X4             5     44.200      443.137    ASCEND_NCL65GPSVT        0 
ST_NCL5W2211OF4X9             3     26.520      401.086    ASCEND_NCL65GPSVT        0 
ST_NCL5W3211OF4X9            43    380.120     6657.871    ASCEND_NCL65GPSVT        0 
ST_NCLAO21O2OF4X13            1      9.880      245.576    ASCEND_NCL65GPSVT        0 
ST_NCLAO22OF4X13             23    227.240     5276.083    ASCEND_NCL65GPSVT        0 
ST_NCLAO22OF4X2               4     35.360      291.595    ASCEND_NCL65GPSVT        0 
ST_NCLAO22OF4X7             218   1813.760    27624.131    ASCEND_NCL65GPSVT        0 
ST_NCLAO22OF4X9               7     61.880     1029.132    ASCEND_NCL65GPSVT        0 
ST_NCLOA22OF4X2               1      8.840       75.893    ASCEND_NCL65GPSVT        0 
ST_NCLOA22OF4X4               3     26.520      312.801    ASCEND_NCL65GPSVT        0 
ST_NCLOA22OF4X7               2     18.720      248.139    ASCEND_NCL65GPSVT        0 
ST_NCLOA22OF4X9               3     28.080      489.798    ASCEND_NCL65GPSVT        0 
ST_NCLP1W1111OF4X18           1      5.200      507.522    ASCEND_NCLP65GPSVT       0 
ST_NCLP1W1111OF4X7            1      4.680      204.980    ASCEND_NCLP65GPSVT       0 
ST_NCLP1W111OF3X13            1      4.680      375.026    ASCEND_NCLP65GPSVT       0 
ST_NCLP1W111OF3X18            3     14.040     1337.692    ASCEND_NCLP65GPSVT       0 
ST_NCLP1W111OF3X7             2      8.320      409.025    ASCEND_NCLP65GPSVT       0 
ST_NCLP1W111OF3X9            10     41.600     2264.839    ASCEND_NCLP65GPSVT       0 
ST_NCLP1W11OF2X13             3     10.920      817.276    ASCEND_NCLP65GPSVT       0 
ST_NCLP1W11OF2X18            44    160.160    14897.780    ASCEND_NCLP65GPSVT       0 
ST_NCLP1W11OF2X4              3      9.360      334.406    ASCEND_NCLP65GPSVT       0 
ST_NCLP1W11OF2X7              9     28.080     1156.184    ASCEND_NCLP65GPSVT       0 
ST_NCLP1W11OF2X9             55    171.600     9485.108    ASCEND_NCLP65GPSVT       0 
ST_NCLP2W111OF3X9             1      8.320      131.781    ASCEND_NCLP65GPSVT       0 
ST_NCLP2W11OF2X13            12     74.880     2253.748    ASCEND_NCLP65GPSVT       0 
ST_NCLP2W11OF2X2              7     36.400      361.041    ASCEND_NCLP65GPSVT       0 
ST_NCLP2W11OF2X4            162    842.400    12478.744    ASCEND_NCLP65GPSVT       0 
ST_NCLP2W11OF2X7              1      6.240       87.677    ASCEND_NCLP65GPSVT       0 
ST_NCLP2W11OF2X9             13     81.120     1404.708    ASCEND_NCLP65GPSVT       0 
ST_NCLP2W211OF3X13            2     14.560      456.463    ASCEND_NCLP65GPSVT       0 
ST_NCLP2W211OF3X18           18    131.040     6176.149    ASCEND_NCLP65GPSVT       0 
ST_NCLP2W211OF3X7             7     47.320     1018.804    ASCEND_NCLP65GPSVT       0 
ST_NCLP2W211OF3X9            22    148.720     3977.579    ASCEND_NCLP65GPSVT       0 
ST_NCLP2W2211OF4X4            1      7.800      127.385    ASCEND_NCLP65GPSVT       0 
ST_NCLP2W2211OF4X9            1      8.320      208.719    ASCEND_NCLP65GPSVT       0 
ST_NCLP3W111OF3X18            5     33.800     1091.663    ASCEND_NCLP65GPSVT       0 
ST_NCLP3W111OF3X4            30    187.200     2344.963    ASCEND_NCLP65GPSVT       0 
ST_NCLP3W111OF3X7            10     62.400      955.297    ASCEND_NCLP65GPSVT       0 
ST_NCLP3W211OF3X18            9     65.520     2743.448    ASCEND_NCLP65GPSVT       0 
ST_NCLP3W211OF3X7             1      6.760       89.040    ASCEND_NCLP65GPSVT       0 
ST_NCLP3W211OF3X9            11     74.360     1464.389    ASCEND_NCLP65GPSVT       0 
ST_NCLP3W3111OF4X2            1      8.320       85.247    ASCEND_NCLP65GPSVT       0 
ST_NCLP3W3111OF4X9            3     26.520      456.696    ASCEND_NCLP65GPSVT       0 
ST_NCLP4W1111OF4X13           1      8.840      195.230    ASCEND_NCLP65GPSVT       0 
ST_NCLP4W1111OF4X7           25    195.000     2548.566    ASCEND_NCLP65GPSVT       0 
ST_NCLP4W1111OF4X9            1      8.320      117.818    ASCEND_NCLP65GPSVT       0 
ST_NCLP4W3111OF4X13           1      9.360      220.600    ASCEND_NCLP65GPSVT       0 
ST_NCLP4W3111OF4X9            1      8.840      144.633    ASCEND_NCLP65GPSVT       0 
ST_NCLP5W3211OF4X13           2     18.720      359.927    ASCEND_NCLP65GPSVT       0 
ST_NCLP5W3211OF4X7            3     26.520      286.781    ASCEND_NCLP65GPSVT       0 
ST_NCLPAO22OF4X4              1      8.320      125.223    ASCEND_NCLP65GPSVT       0 
ST_NCLPAO22OF4X7              5     41.600      532.441    ASCEND_NCLP65GPSVT       0 
ST_NCLPOA22OF4X9              1      8.840      133.673    ASCEND_NCLP65GPSVT       0 
ST_RNCL2W11OF2X18             1      7.280      324.560    ASCEND_NCL65GPSVT        0 
ST_RNCL2W11OF2X2             23    143.520     1873.543    ASCEND_NCL65GPSVT        0 
ST_RNCL2W11OF2X4             21    131.040     2142.536    ASCEND_NCL65GPSVT        0 
ST_RNCL2W11OF2X7              1      6.240      132.193    ASCEND_NCL65GPSVT        0 
ST_RNCL2W11OF2X9           1438   8973.120   233169.839    ASCEND_NCL65GPSVT        0 
ST_SNCL2W11OF2X9            300   1872.000    49787.631    ASCEND_NCL65GPSVT        0 
SY_INCL2W11OF2X13             7     61.880      774.464    ASCEND_NCL65GPSVT        0 
SY_INCL2W11OF2X18            47    415.480     7107.448    ASCEND_NCL65GPSVT        0 
SY_INCL2W11OF2X2             23    155.480     1276.694    ASCEND_NCL65GPSVT        0 
SY_INCL2W11OF2X4             38    237.120     2128.479    ASCEND_NCL65GPSVT        0 
SY_INCL2W11OF2X7             47    293.280     3028.465    ASCEND_NCL65GPSVT        0 
SY_INCL2W11OF2X9            467   2914.080    40783.723    ASCEND_NCL65GPSVT        0 
SY_INCLP2W11OF2X18            7     61.880     1362.706    ASCEND_NCLP65GPSVT       0 
SY_INCLP2W11OF2X2             1      6.760       40.152    ASCEND_NCLP65GPSVT       0 
SY_INCLP2W11OF2X4             8     49.920      516.180    ASCEND_NCLP65GPSVT       0 
SY_INCLP2W11OF2X7            25    156.000     2192.134    ASCEND_NCLP65GPSVT       0 
SY_INCLP2W11OF2X9           323   2015.520    35021.811    ASCEND_NCLP65GPSVT       0 
SY_NCL2W11OF2X18             20    135.200     5302.404    ASCEND_NCL65GPSVT        0 
SY_NCL2W11OF2X2               1      6.240       53.939    ASCEND_NCL65GPSVT        0 
SY_NCL2W11OF2X4               6     37.440      505.049    ASCEND_NCL65GPSVT        0 
SY_NCL2W11OF2X9              35    218.400     4730.574    ASCEND_NCL65GPSVT        0 
SY_NCLP2W11OF2X13             1      6.760      171.018    ASCEND_NCLP65GPSVT       0 
SY_NCLP2W11OF2X18            11     74.360     2564.392    ASCEND_NCLP65GPSVT       0 
SY_NCLP2W11OF2X4              8     49.920      558.707    ASCEND_NCLP65GPSVT       0 
SY_NCLP2W11OF2X9             17    106.080     2009.848    ASCEND_NCLP65GPSVT       0 
SY_RNCL2W11OF2X13             1      7.800      261.161    ASCEND_NCL65GPSVT        0 
SY_RNCL2W11OF2X4              1      7.280      101.960    ASCEND_NCL65GPSVT        0 
SY_RNCL2W11OF2X7              1      7.280      135.164    ASCEND_NCL65GPSVT        0 
SY_RNCL2W11OF2X9             13     94.640     2419.793    ASCEND_NCL65GPSVT        0 
--------------------------------------------------------------------------------------
total                     11026  58533.800  1456133.282                       


                                                     Leakage  Leakage 
      Library      Instances Instances %    Area   Power (nW) Power % 
----------------------------------------------------------------------
ASCEND_NCL65GPSVT       7067        64.1 41092.480 911178.668    62.6 
ASCEND_NCLP65GPSVT      2598        23.6 15112.760 430184.162    29.5 
CORE65GPSVT             1361        12.3  2328.560 114770.452     7.9 

                                            Leakage   Leakage 
     Type      Instances    Area   Area %  Power (nW) Power % 
--------------------------------------------------------------
sequential          1800 11250.200   19.2  290348.380    19.9 
inverter            1140  1804.920    3.1   85000.134     5.8 
buffer               221   523.640    0.9   29770.318     2.0 
logic               7865 44955.040   76.8 1051014.450    72.2 
physical_cells         0     0.000    0.0       0.000     0.0 
--------------------------------------------------------------
total              11026 58533.800  100.0 1456133.282   100.0 

