

Working Directory = /users/iacana.weber/asyncCircuits
QoS Summary for xtea
================================================================================
Metric                          logical        
================================================================================
Slack (ps):                         0
  R2R (ps):                         0
  I2R (ps):                     2,728
  R2O (ps):                     2,979
  I2O (ps):                     9,356
  CG  (ps):                  no_value
TNS (ps):                           0
  R2R (ps):                         0
  I2R (ps):                         0
  R2O (ps):                         0
  I2O (ps):                         0
  CG  (ps):                  no_value
Failing Paths:                      0
Cell Area:                     53,682
Total Cell Area:               53,682
Leaf Instances:                10,336
Total Instances:               10,336
Utilization (%):                 0.00
Tot. Net Length (um):        no_value
Avg. Net Length (um):        no_value
Route Overflow H (%):        no_value
Route Overflow V (%):        no_value
MBCI(%) (bits/gate) :            0.00
Norm Cong Hotspot Area:
  Max Cong:                  no_value
  Tot Cong:                  no_value
================================================================================
CPU  Runtime (h:m:s):        00:23:23
Real Runtime (h:m:s):        00:21:21
CPU  Elapsed (h:m:s):        00:23:26
Real Elapsed (h:m:s):        00:21:22
Memory (MB):                  1232.86
================================================================================
================================================================================
Flow Settings:
================================================================================
Total Runtime (h:m:s): 00:21:22
Total Memory (MB):     1232.86
Executable Version:    18.14-s037_1
================================================================================
Total Cell Area =  Cell Area + Physical Cell Area
Total Instances =  Leaf Instances + Physical Instances


