============================================================
  Generated by:           Genus(TM) Synthesis Solution 18.14-s037_1
  Generated on:           Dec 16 2019  06:05:58 pm
  Module:                 xtea
    Operating conditions: wc_0.90V_125C 
  Interconnect mode:      global
  Area mode:              physical library
============================================================

                                              Leakage                         Library 
        Gate          Instances    Area     Power (nW)         Library         Domain 
--------------------------------------------------------------------------------------
HS65_GS_BFX18                 5     15.600     1214.257    CORE65GPSVT              0 
HS65_GS_BFX2                  1      2.080       56.493    CORE65GPSVT              0 
HS65_GS_BFX27                 2      7.280      732.814    CORE65GPSVT              0 
HS65_GS_BFX4                 30     62.400     2250.729    CORE65GPSVT              0 
HS65_GS_BFX7                  6     12.480      537.342    CORE65GPSVT              0 
HS65_GS_BFX9                 96    199.680    10158.861    CORE65GPSVT              0 
HS65_GS_IVX13                 2      4.160      260.928    CORE65GPSVT              0 
HS65_GS_IVX18                12     24.960     2015.026    CORE65GPSVT              0 
HS65_GS_IVX2                 17     26.520      471.221    CORE65GPSVT              0 
HS65_GS_IVX27                 3      9.360      819.511    CORE65GPSVT              0 
HS65_GS_IVX4                 21     32.760      991.522    CORE65GPSVT              0 
HS65_GS_IVX7                369    575.640    22855.032    CORE65GPSVT              0 
HS65_GS_IVX9                430    670.800    33660.335    CORE65GPSVT              0 
ST_INCL1W1111OF4X9            1      3.640      167.095    ASCEND_NCL65GPSVT        0 
ST_INCL1W111OF3X18            3     17.160      560.212    ASCEND_NCL65GPSVT        0 
ST_INCL1W111OF3X7             1      3.120       88.343    ASCEND_NCL65GPSVT        0 
ST_INCL1W111OF3X9            14     43.680     1783.926    ASCEND_NCL65GPSVT        0 
ST_INCL1W11OF2X13            20     72.800     3597.019    ASCEND_NCL65GPSVT        0 
ST_INCL1W11OF2X18           224    815.360    48910.964    ASCEND_NCL65GPSVT        0 
ST_INCL1W11OF2X2             18     37.440      428.201    ASCEND_NCL65GPSVT        0 
ST_INCL1W11OF2X4              2      4.160      153.231    ASCEND_NCL65GPSVT        0 
ST_INCL1W11OF2X7              7     14.560      484.302    ASCEND_NCL65GPSVT        0 
ST_INCL1W11OF2X9            988   2055.040    92501.019    ASCEND_NCL65GPSVT        0 
ST_INCL2W111OF3X18            1     11.960      223.682    ASCEND_NCL65GPSVT        0 
ST_INCL2W11OF2X13            16    133.120     1450.044    ASCEND_NCL65GPSVT        0 
ST_INCL2W11OF2X18            19    138.320     2103.115    ASCEND_NCL65GPSVT        0 
ST_INCL2W11OF2X31            11    114.400     2261.676    ASCEND_NCL65GPSVT        0 
ST_INCL2W11OF2X4           1412   8810.880    80225.218    ASCEND_NCL65GPSVT        0 
ST_INCL2W11OF2X7             37    230.880     2413.010    ASCEND_NCL65GPSVT        0 
ST_INCL2W211OF3X18           13    121.680     3158.570    ASCEND_NCL65GPSVT        0 
ST_INCL2W211OF3X7             6     37.440      724.594    ASCEND_NCL65GPSVT        0 
ST_INCL2W211OF3X9             2     13.520      273.697    ASCEND_NCL65GPSVT        0 
ST_INCL2W2211OF4X9            1      9.360      119.545    ASCEND_NCL65GPSVT        0 
ST_INCL3W111OF3X13            3     29.640      197.365    ASCEND_NCL65GPSVT        0 
ST_INCL3W111OF3X18            9     88.920      616.459    ASCEND_NCL65GPSVT        0 
ST_INCL3W111OF3X2            77    480.480     4619.539    ASCEND_NCL65GPSVT        0 
ST_INCL3W111OF3X31            5     70.200      597.701    ASCEND_NCL65GPSVT        0 
ST_INCL3W111OF3X9            17    114.920     1079.561    ASCEND_NCL65GPSVT        0 
ST_INCL3W211OF3X18            6     59.280      833.860    ASCEND_NCL65GPSVT        0 
ST_INCL3W211OF3X31           10    140.400     2137.669    ASCEND_NCL65GPSVT        0 
ST_INCL3W211OF3X7             1      6.760       87.576    ASCEND_NCL65GPSVT        0 
ST_INCL3W211OF3X9            10     67.600      952.640    ASCEND_NCL65GPSVT        0 
ST_INCL3W3211OF4X7            1      8.840       87.425    ASCEND_NCL65GPSVT        0 
ST_INCL3W3211OF4X9            5     44.200      783.338    ASCEND_NCL65GPSVT        0 
ST_INCL4W1111OF4X4           20    176.800     1002.721    ASCEND_NCL65GPSVT        0 
ST_INCL4W1111OF4X9           14    174.720      772.148    ASCEND_NCL65GPSVT        0 
ST_INCL5W2211OF4X9            1     12.480       93.257    ASCEND_NCL65GPSVT        0 
ST_INCL5W3211OF4X13           1     12.480      110.946    ASCEND_NCL65GPSVT        0 
ST_INCL5W3211OF4X18           2     26.000      397.821    ASCEND_NCL65GPSVT        0 
ST_INCL5W3211OF4X22           2     35.360      394.823    ASCEND_NCL65GPSVT        0 
ST_INCL5W3211OF4X4            2     17.680      141.902    ASCEND_NCL65GPSVT        0 
ST_INCLAO22OF4X13             1     17.680      194.376    ASCEND_NCL65GPSVT        0 
ST_INCLAO22OF4X18             4     70.720      932.839    ASCEND_NCL65GPSVT        0 
ST_INCLAO22OF4X7              9     84.240      816.781    ASCEND_NCL65GPSVT        0 
ST_INCLAO22OF4X9              6     71.760      698.304    ASCEND_NCL65GPSVT        0 
ST_INCLOA22OF4X18             4     49.920      924.338    ASCEND_NCL65GPSVT        0 
ST_INCLOA22OF4X7             26    229.840     2709.261    ASCEND_NCL65GPSVT        0 
ST_INCLOA22OF4X9              2     18.720      226.239    ASCEND_NCL65GPSVT        0 
ST_INCLP1W1111OF4X13          1      6.760      535.143    ASCEND_NCLP65GPSVT       0 
ST_INCLP1W1111OF4X18          6     40.560     4075.959    ASCEND_NCLP65GPSVT       0 
ST_INCLP1W1111OF4X7           1      3.640      198.568    ASCEND_NCLP65GPSVT       0 
ST_INCLP1W1111OF4X9          58    211.120    20219.549    ASCEND_NCLP65GPSVT       0 
ST_INCLP1W111OF3X13           2     10.400      846.530    ASCEND_NCLP65GPSVT       0 
ST_INCLP1W111OF3X18           4     20.800     2132.124    ASCEND_NCLP65GPSVT       0 
ST_INCLP1W111OF3X9           11     34.320     2267.544    ASCEND_NCLP65GPSVT       0 
ST_INCLP1W11OF2X13           90    327.600    24518.284    ASCEND_NCLP65GPSVT       0 
ST_INCLP1W11OF2X18           30    156.000    17388.392    ASCEND_NCLP65GPSVT       0 
ST_INCLP1W11OF2X2            22     45.760     1263.165    ASCEND_NCLP65GPSVT       0 
ST_INCLP1W11OF2X27           54    336.960    40697.304    ASCEND_NCLP65GPSVT       0 
ST_INCLP1W11OF2X4           454    944.320    36295.303    ASCEND_NCLP65GPSVT       0 
ST_INCLP1W11OF2X9           146    531.440    39538.452    ASCEND_NCLP65GPSVT       0 
ST_INCLP2W11OF2X18            6     43.680      762.373    ASCEND_NCLP65GPSVT       0 
ST_INCLP2W11OF2X31            1     10.400      168.698    ASCEND_NCLP65GPSVT       0 
ST_INCLP2W11OF2X4             1      6.240       57.861    ASCEND_NCLP65GPSVT       0 
ST_INCLP2W11OF2X7             2     12.480      152.495    ASCEND_NCLP65GPSVT       0 
ST_INCLP2W211OF3X18           9    107.640     3995.635    ASCEND_NCLP65GPSVT       0 
ST_INCLP2W211OF3X27           2     30.160     1064.873    ASCEND_NCLP65GPSVT       0 
ST_INCLP2W211OF3X7           12     87.360     1579.165    ASCEND_NCLP65GPSVT       0 
ST_INCLP2W211OF3X9            1      9.880      133.856    ASCEND_NCLP65GPSVT       0 
ST_INCLP2W2211OF4X9           1      8.320      234.378    ASCEND_NCLP65GPSVT       0 
ST_INCLP3W111OF3X18           6     59.280      509.150    ASCEND_NCLP65GPSVT       0 
ST_INCLP3W111OF3X2           37    230.880     2480.305    ASCEND_NCLP65GPSVT       0 
ST_INCLP3W111OF3X9          105    709.800     9671.187    ASCEND_NCLP65GPSVT       0 
ST_INCLP3W211OF3X13           1      9.880      180.390    ASCEND_NCLP65GPSVT       0 
ST_INCLP3W211OF3X7          387   2616.120    41542.693    ASCEND_NCLP65GPSVT       0 
ST_INCLP3W211OF3X9           12     81.120     1220.677    ASCEND_NCLP65GPSVT       0 
ST_INCLP3W3211OF4X13          1     11.960      221.782    ASCEND_NCLP65GPSVT       0 
ST_INCLP3W3211OF4X18          1     12.480      264.382    ASCEND_NCLP65GPSVT       0 
ST_INCLP3W3211OF4X9          10     88.400     1643.774    ASCEND_NCLP65GPSVT       0 
ST_INCLP4W1111OF4X4          38    335.920     2664.401    ASCEND_NCLP65GPSVT       0 
ST_INCLP4W1111OF4X9          38    474.240     4094.350    ASCEND_NCLP65GPSVT       0 
ST_INCLP4W3111OF4X7           1      7.800       90.136    ASCEND_NCLP65GPSVT       0 
ST_INCLP5W2211OF4X7           4     35.360      423.132    ASCEND_NCLP65GPSVT       0 
ST_INCLP5W3211OF4X4           1      9.360       97.595    ASCEND_NCLP65GPSVT       0 
ST_INCLP5W3211OF4X7           2     18.720      184.179    ASCEND_NCLP65GPSVT       0 
ST_INCLP5W3211OF4X9          12    112.320     1333.433    ASCEND_NCLP65GPSVT       0 
ST_INCLPAO22OF4X2             1      8.840       64.410    ASCEND_NCLP65GPSVT       0 
ST_INCLPAO22OF4X7            34    282.880     3144.826    ASCEND_NCLP65GPSVT       0 
ST_NCL1W111OF3X4              3     10.920      381.433    ASCEND_NCL65GPSVT        0 
ST_NCL1W111OF3X9              1      4.160      164.786    ASCEND_NCL65GPSVT        0 
ST_NCL1W11OF2X13              3     10.920      624.849    ASCEND_NCL65GPSVT        0 
ST_NCL1W11OF2X2               3      9.360      206.273    ASCEND_NCL65GPSVT        0 
ST_NCL1W11OF2X4              10     31.200      894.566    ASCEND_NCL65GPSVT        0 
ST_NCL1W11OF2X7               2      6.240      338.126    ASCEND_NCL65GPSVT        0 
ST_NCL1W11OF2X9             368   1148.160    61240.969    ASCEND_NCL65GPSVT        0 
ST_NCL2W111OF3X13             1      9.360      245.508    ASCEND_NCL65GPSVT        0 
ST_NCL2W111OF3X4              1      8.320      109.418    ASCEND_NCL65GPSVT        0 
ST_NCL2W111OF3X9              6     49.920      942.116    ASCEND_NCL65GPSVT        0 
ST_NCL2W11OF2X13            326   2034.240    73212.083    ASCEND_NCL65GPSVT        0 
ST_NCL2W11OF2X4             154    800.800    13157.921    ASCEND_NCL65GPSVT        0 
ST_NCL2W11OF2X9              12     74.880     1561.192    ASCEND_NCL65GPSVT        0 
ST_NCL2W211OF3X13             2     14.560      529.362    ASCEND_NCL65GPSVT        0 
ST_NCL2W211OF3X7              2     12.480      267.940    ASCEND_NCL65GPSVT        0 
ST_NCL2W211OF3X9             43    268.320     7336.144    ASCEND_NCL65GPSVT        0 
ST_NCL2W2211OF4X13            9     79.560     2662.666    ASCEND_NCL65GPSVT        0 
ST_NCL3W111OF3X18             1      6.760      259.406    ASCEND_NCL65GPSVT        0 
ST_NCL3W111OF3X4              1      6.240       81.356    ASCEND_NCL65GPSVT        0 
ST_NCL3W111OF3X7             43    268.320     4746.478    ASCEND_NCL65GPSVT        0 
ST_NCL3W111OF3X9              7     50.960      984.079    ASCEND_NCL65GPSVT        0 
ST_NCL3W211OF3X18             2     15.600      572.927    ASCEND_NCL65GPSVT        0 
ST_NCL3W211OF3X4              1      6.760      100.108    ASCEND_NCL65GPSVT        0 
ST_NCL3W211OF3X9             15    101.400     2254.832    ASCEND_NCL65GPSVT        0 
ST_NCL3W3211OF4X13            2     20.800      558.167    ASCEND_NCL65GPSVT        0 
ST_NCL3W3211OF4X4             1      8.840      112.595    ASCEND_NCL65GPSVT        0 
ST_NCL3W3211OF4X9            12    106.080     2364.260    ASCEND_NCL65GPSVT        0 
ST_NCL4W1111OF4X13            3     26.520      668.048    ASCEND_NCL65GPSVT        0 
ST_NCL4W1111OF4X7            47    366.600     5567.456    ASCEND_NCL65GPSVT        0 
ST_NCL5W2211OF4X4             9     79.560      751.582    ASCEND_NCL65GPSVT        0 
ST_NCL5W2211OF4X9             1      8.840      125.506    ASCEND_NCL65GPSVT        0 
ST_NCL5W3211OF4X7             1      9.360      135.017    ASCEND_NCL65GPSVT        0 
ST_NCL5W3211OF4X9            52    459.680     7874.531    ASCEND_NCL65GPSVT        0 
ST_NCLAO22OF4X13             35    345.800     7760.491    ASCEND_NCL65GPSVT        0 
ST_NCLAO22OF4X2               1      8.840       62.079    ASCEND_NCL65GPSVT        0 
ST_NCLAO22OF4X7             361   3003.520    44451.250    ASCEND_NCL65GPSVT        0 
ST_NCLAO22OF4X9              16    141.440     2283.115    ASCEND_NCL65GPSVT        0 
ST_NCLOA22OF4X4               5     44.200      493.440    ASCEND_NCL65GPSVT        0 
ST_NCLOA22OF4X7               1      9.360      153.487    ASCEND_NCL65GPSVT        0 
ST_NCLOA22OF4X9               9     84.240     1472.489    ASCEND_NCL65GPSVT        0 
ST_NCLP1W1111OF4X4            2      9.360      234.729    ASCEND_NCLP65GPSVT       0 
ST_NCLP1W111OF3X18            1      4.680      452.573    ASCEND_NCLP65GPSVT       0 
ST_NCLP1W111OF3X9             2      8.320      416.290    ASCEND_NCLP65GPSVT       0 
ST_NCLP1W11OF2X13             1      3.640      276.599    ASCEND_NCLP65GPSVT       0 
ST_NCLP1W11OF2X18            14     50.960     4745.370    ASCEND_NCLP65GPSVT       0 
ST_NCLP1W11OF2X4              1      3.120      114.515    ASCEND_NCLP65GPSVT       0 
ST_NCLP1W11OF2X7              4     12.480      526.033    ASCEND_NCLP65GPSVT       0 
ST_NCLP1W11OF2X9             34    106.080     5640.469    ASCEND_NCLP65GPSVT       0 
ST_NCLP2W11OF2X13             4     24.960      747.705    ASCEND_NCLP65GPSVT       0 
ST_NCLP2W11OF2X2             30    156.000     1644.260    ASCEND_NCLP65GPSVT       0 
ST_NCLP2W11OF2X4            150    780.000    11831.418    ASCEND_NCLP65GPSVT       0 
ST_NCLP2W11OF2X7              1      6.240       90.096    ASCEND_NCLP65GPSVT       0 
ST_NCLP2W11OF2X9             11     68.640     1275.528    ASCEND_NCLP65GPSVT       0 
ST_NCLP2W211OF3X13            9     65.520     2178.862    ASCEND_NCLP65GPSVT       0 
ST_NCLP2W211OF3X18           12     87.360     4154.722    ASCEND_NCLP65GPSVT       0 
ST_NCLP2W211OF3X9             7     47.320     1314.903    ASCEND_NCLP65GPSVT       0 
ST_NCLP3W111OF3X18            2     13.520      473.447    ASCEND_NCLP65GPSVT       0 
ST_NCLP3W111OF3X4            18    112.320     1419.073    ASCEND_NCLP65GPSVT       0 
ST_NCLP3W111OF3X7             2     12.480      195.492    ASCEND_NCLP65GPSVT       0 
ST_NCLP3W211OF3X13            1      7.280      203.706    ASCEND_NCLP65GPSVT       0 
ST_NCLP3W211OF3X18           15    109.200     4506.334    ASCEND_NCLP65GPSVT       0 
ST_NCLP3W211OF3X7             2     13.520      188.103    ASCEND_NCLP65GPSVT       0 
ST_NCLP3W211OF3X9            29    196.040     4488.834    ASCEND_NCLP65GPSVT       0 
ST_NCLP3W3111OF4X2            1      8.320       72.349    ASCEND_NCLP65GPSVT       0 
ST_NCLP3W3111OF4X9            3     26.520      469.620    ASCEND_NCLP65GPSVT       0 
ST_NCLP3W3211OF4X7            3     26.520      436.421    ASCEND_NCLP65GPSVT       0 
ST_NCLP4W1111OF4X7           32    249.600     3222.721    ASCEND_NCLP65GPSVT       0 
ST_NCLP5W2211OF4X9            1      8.840      146.548    ASCEND_NCLP65GPSVT       0 
ST_NCLP5W3211OF4X9            1      9.360      149.217    ASCEND_NCLP65GPSVT       0 
ST_NCLPAO22OF4X7              4     33.280      479.866    ASCEND_NCLP65GPSVT       0 
ST_NCLPOA22OF4X13             1      9.360      197.219    ASCEND_NCLP65GPSVT       0 
ST_NCLPOA22OF4X9              1      8.840      130.114    ASCEND_NCLP65GPSVT       0 
ST_RNCL2W11OF2X18             1      7.280      348.433    ASCEND_NCL65GPSVT        0 
ST_RNCL2W11OF2X2             15     93.600     1185.278    ASCEND_NCL65GPSVT        0 
ST_RNCL2W11OF2X4             21    131.040     2076.224    ASCEND_NCL65GPSVT        0 
ST_RNCL2W11OF2X7              1      6.240      131.009    ASCEND_NCL65GPSVT        0 
ST_RNCL2W11OF2X9           1450   9048.000   235231.425    ASCEND_NCL65GPSVT        0 
ST_SNCL2W11OF2X9            300   1872.000    49602.622    ASCEND_NCL65GPSVT        0 
SY_INCL2W11OF2X13             2     17.680      263.385    ASCEND_NCL65GPSVT        0 
SY_INCL2W11OF2X18            13    114.920     2170.742    ASCEND_NCL65GPSVT        0 
SY_INCL2W11OF2X2             12     81.120      623.044    ASCEND_NCL65GPSVT        0 
SY_INCL2W11OF2X4             41    255.840     2394.859    ASCEND_NCL65GPSVT        0 
SY_INCL2W11OF2X7             39    243.360     2330.918    ASCEND_NCL65GPSVT        0 
SY_INCL2W11OF2X9            489   3051.360    43182.295    ASCEND_NCL65GPSVT        0 
SY_INCLP2W11OF2X18            1      8.840       95.078    ASCEND_NCLP65GPSVT       0 
SY_INCLP2W11OF2X4             2     12.480      148.836    ASCEND_NCLP65GPSVT       0 
SY_INCLP2W11OF2X7            12     74.880     1082.665    ASCEND_NCLP65GPSVT       0 
SY_INCLP2W11OF2X9           279   1740.960    31820.800    ASCEND_NCLP65GPSVT       0 
SY_NCL2W11OF2X13              1      6.760      211.838    ASCEND_NCL65GPSVT        0 
SY_NCL2W11OF2X18              5     33.800     1364.666    ASCEND_NCL65GPSVT        0 
SY_NCL2W11OF2X4               6     37.440      491.451    ASCEND_NCL65GPSVT        0 
SY_NCL2W11OF2X9              16     99.840     2201.502    ASCEND_NCL65GPSVT        0 
SY_NCLP2W11OF2X13             1      6.760      224.020    ASCEND_NCLP65GPSVT       0 
SY_NCLP2W11OF2X18             6     40.560     1532.048    ASCEND_NCLP65GPSVT       0 
SY_NCLP2W11OF2X4              4     24.960      252.028    ASCEND_NCLP65GPSVT       0 
SY_NCLP2W11OF2X9              3     18.720      415.634    ASCEND_NCLP65GPSVT       0 
SY_RNCL2W11OF2X13             1      7.800      246.171    ASCEND_NCL65GPSVT        0 
SY_RNCL2W11OF2X2              1      7.280       81.000    ASCEND_NCL65GPSVT        0 
SY_RNCL2W11OF2X4              1      7.280      101.919    ASCEND_NCL65GPSVT        0 
SY_RNCL2W11OF2X9              9     65.520     1642.692    ASCEND_NCL65GPSVT        0 
--------------------------------------------------------------------------------------
total                     10336  53682.200  1288600.647                       


                                                     Leakage  Leakage 
      Library      Instances Instances %    Area   Power (nW) Power % 
----------------------------------------------------------------------
ASCEND_NCL65GPSVT       7030        68.0 39739.440 856625.877    66.5 
ASCEND_NCLP65GPSVT      2312        22.4 12299.040 355950.700    27.6 
CORE65GPSVT              994         9.6  1643.720  76024.071     5.9 

                                            Leakage   Leakage 
     Type      Instances    Area   Area %  Power (nW) Power % 
--------------------------------------------------------------
sequential          1800 11246.040   20.9  290646.773    22.6 
inverter             854  1344.200    2.5   61073.574     4.7 
buffer               140   299.520    0.6   14950.496     1.2 
logic               7542 40792.440   76.0  921929.803    71.5 
physical_cells         0     0.000    0.0       0.000     0.0 
--------------------------------------------------------------
total              10336 53682.200  100.0 1288600.647   100.0 

