============================================================
  Generated by:           Genus(TM) Synthesis Solution 18.14-s037_1
  Generated on:           Dec 16 2019  06:05:54 pm
  Module:                 xtea
    Operating conditions: wc_0.90V_125C 
  Interconnect mode:      global
  Area mode:              physical library
============================================================

                                                                 Library 
        Gate          Instances    Area           Library         Domain 
-------------------------------------------------------------------------
HS65_GS_BFX18                 5     15.600    CORE65GPSVT              0 
HS65_GS_BFX2                  1      2.080    CORE65GPSVT              0 
HS65_GS_BFX27                 2      7.280    CORE65GPSVT              0 
HS65_GS_BFX4                 30     62.400    CORE65GPSVT              0 
HS65_GS_BFX7                  6     12.480    CORE65GPSVT              0 
HS65_GS_BFX9                 96    199.680    CORE65GPSVT              0 
HS65_GS_IVX13                 2      4.160    CORE65GPSVT              0 
HS65_GS_IVX18                12     24.960    CORE65GPSVT              0 
HS65_GS_IVX2                 17     26.520    CORE65GPSVT              0 
HS65_GS_IVX27                 3      9.360    CORE65GPSVT              0 
HS65_GS_IVX4                 21     32.760    CORE65GPSVT              0 
HS65_GS_IVX7                369    575.640    CORE65GPSVT              0 
HS65_GS_IVX9                430    670.800    CORE65GPSVT              0 
ST_INCL1W1111OF4X9            1      3.640    ASCEND_NCL65GPSVT        0 
ST_INCL1W111OF3X18            3     17.160    ASCEND_NCL65GPSVT        0 
ST_INCL1W111OF3X7             1      3.120    ASCEND_NCL65GPSVT        0 
ST_INCL1W111OF3X9            14     43.680    ASCEND_NCL65GPSVT        0 
ST_INCL1W11OF2X13            20     72.800    ASCEND_NCL65GPSVT        0 
ST_INCL1W11OF2X18           224    815.360    ASCEND_NCL65GPSVT        0 
ST_INCL1W11OF2X2             18     37.440    ASCEND_NCL65GPSVT        0 
ST_INCL1W11OF2X4              2      4.160    ASCEND_NCL65GPSVT        0 
ST_INCL1W11OF2X7              7     14.560    ASCEND_NCL65GPSVT        0 
ST_INCL1W11OF2X9            988   2055.040    ASCEND_NCL65GPSVT        0 
ST_INCL2W111OF3X18            1     11.960    ASCEND_NCL65GPSVT        0 
ST_INCL2W11OF2X13            16    133.120    ASCEND_NCL65GPSVT        0 
ST_INCL2W11OF2X18            19    138.320    ASCEND_NCL65GPSVT        0 
ST_INCL2W11OF2X31            11    114.400    ASCEND_NCL65GPSVT        0 
ST_INCL2W11OF2X4           1412   8810.880    ASCEND_NCL65GPSVT        0 
ST_INCL2W11OF2X7             37    230.880    ASCEND_NCL65GPSVT        0 
ST_INCL2W211OF3X18           13    121.680    ASCEND_NCL65GPSVT        0 
ST_INCL2W211OF3X7             6     37.440    ASCEND_NCL65GPSVT        0 
ST_INCL2W211OF3X9             2     13.520    ASCEND_NCL65GPSVT        0 
ST_INCL2W2211OF4X9            1      9.360    ASCEND_NCL65GPSVT        0 
ST_INCL3W111OF3X13            3     29.640    ASCEND_NCL65GPSVT        0 
ST_INCL3W111OF3X18            9     88.920    ASCEND_NCL65GPSVT        0 
ST_INCL3W111OF3X2            77    480.480    ASCEND_NCL65GPSVT        0 
ST_INCL3W111OF3X31            5     70.200    ASCEND_NCL65GPSVT        0 
ST_INCL3W111OF3X9            17    114.920    ASCEND_NCL65GPSVT        0 
ST_INCL3W211OF3X18            6     59.280    ASCEND_NCL65GPSVT        0 
ST_INCL3W211OF3X31           10    140.400    ASCEND_NCL65GPSVT        0 
ST_INCL3W211OF3X7             1      6.760    ASCEND_NCL65GPSVT        0 
ST_INCL3W211OF3X9            10     67.600    ASCEND_NCL65GPSVT        0 
ST_INCL3W3211OF4X7            1      8.840    ASCEND_NCL65GPSVT        0 
ST_INCL3W3211OF4X9            5     44.200    ASCEND_NCL65GPSVT        0 
ST_INCL4W1111OF4X4           20    176.800    ASCEND_NCL65GPSVT        0 
ST_INCL4W1111OF4X9           14    174.720    ASCEND_NCL65GPSVT        0 
ST_INCL5W2211OF4X9            1     12.480    ASCEND_NCL65GPSVT        0 
ST_INCL5W3211OF4X13           1     12.480    ASCEND_NCL65GPSVT        0 
ST_INCL5W3211OF4X18           2     26.000    ASCEND_NCL65GPSVT        0 
ST_INCL5W3211OF4X22           2     35.360    ASCEND_NCL65GPSVT        0 
ST_INCL5W3211OF4X4            2     17.680    ASCEND_NCL65GPSVT        0 
ST_INCLAO22OF4X13             1     17.680    ASCEND_NCL65GPSVT        0 
ST_INCLAO22OF4X18             4     70.720    ASCEND_NCL65GPSVT        0 
ST_INCLAO22OF4X7              9     84.240    ASCEND_NCL65GPSVT        0 
ST_INCLAO22OF4X9              6     71.760    ASCEND_NCL65GPSVT        0 
ST_INCLOA22OF4X18             4     49.920    ASCEND_NCL65GPSVT        0 
ST_INCLOA22OF4X7             26    229.840    ASCEND_NCL65GPSVT        0 
ST_INCLOA22OF4X9              2     18.720    ASCEND_NCL65GPSVT        0 
ST_INCLP1W1111OF4X13          1      6.760    ASCEND_NCLP65GPSVT       0 
ST_INCLP1W1111OF4X18          6     40.560    ASCEND_NCLP65GPSVT       0 
ST_INCLP1W1111OF4X7           1      3.640    ASCEND_NCLP65GPSVT       0 
ST_INCLP1W1111OF4X9          58    211.120    ASCEND_NCLP65GPSVT       0 
ST_INCLP1W111OF3X13           2     10.400    ASCEND_NCLP65GPSVT       0 
ST_INCLP1W111OF3X18           4     20.800    ASCEND_NCLP65GPSVT       0 
ST_INCLP1W111OF3X9           11     34.320    ASCEND_NCLP65GPSVT       0 
ST_INCLP1W11OF2X13           90    327.600    ASCEND_NCLP65GPSVT       0 
ST_INCLP1W11OF2X18           30    156.000    ASCEND_NCLP65GPSVT       0 
ST_INCLP1W11OF2X2            22     45.760    ASCEND_NCLP65GPSVT       0 
ST_INCLP1W11OF2X27           54    336.960    ASCEND_NCLP65GPSVT       0 
ST_INCLP1W11OF2X4           454    944.320    ASCEND_NCLP65GPSVT       0 
ST_INCLP1W11OF2X9           146    531.440    ASCEND_NCLP65GPSVT       0 
ST_INCLP2W11OF2X18            6     43.680    ASCEND_NCLP65GPSVT       0 
ST_INCLP2W11OF2X31            1     10.400    ASCEND_NCLP65GPSVT       0 
ST_INCLP2W11OF2X4             1      6.240    ASCEND_NCLP65GPSVT       0 
ST_INCLP2W11OF2X7             2     12.480    ASCEND_NCLP65GPSVT       0 
ST_INCLP2W211OF3X18           9    107.640    ASCEND_NCLP65GPSVT       0 
ST_INCLP2W211OF3X27           2     30.160    ASCEND_NCLP65GPSVT       0 
ST_INCLP2W211OF3X7           12     87.360    ASCEND_NCLP65GPSVT       0 
ST_INCLP2W211OF3X9            1      9.880    ASCEND_NCLP65GPSVT       0 
ST_INCLP2W2211OF4X9           1      8.320    ASCEND_NCLP65GPSVT       0 
ST_INCLP3W111OF3X18           6     59.280    ASCEND_NCLP65GPSVT       0 
ST_INCLP3W111OF3X2           37    230.880    ASCEND_NCLP65GPSVT       0 
ST_INCLP3W111OF3X9          105    709.800    ASCEND_NCLP65GPSVT       0 
ST_INCLP3W211OF3X13           1      9.880    ASCEND_NCLP65GPSVT       0 
ST_INCLP3W211OF3X7          387   2616.120    ASCEND_NCLP65GPSVT       0 
ST_INCLP3W211OF3X9           12     81.120    ASCEND_NCLP65GPSVT       0 
ST_INCLP3W3211OF4X13          1     11.960    ASCEND_NCLP65GPSVT       0 
ST_INCLP3W3211OF4X18          1     12.480    ASCEND_NCLP65GPSVT       0 
ST_INCLP3W3211OF4X9          10     88.400    ASCEND_NCLP65GPSVT       0 
ST_INCLP4W1111OF4X4          38    335.920    ASCEND_NCLP65GPSVT       0 
ST_INCLP4W1111OF4X9          38    474.240    ASCEND_NCLP65GPSVT       0 
ST_INCLP4W3111OF4X7           1      7.800    ASCEND_NCLP65GPSVT       0 
ST_INCLP5W2211OF4X7           4     35.360    ASCEND_NCLP65GPSVT       0 
ST_INCLP5W3211OF4X4           1      9.360    ASCEND_NCLP65GPSVT       0 
ST_INCLP5W3211OF4X7           2     18.720    ASCEND_NCLP65GPSVT       0 
ST_INCLP5W3211OF4X9          12    112.320    ASCEND_NCLP65GPSVT       0 
ST_INCLPAO22OF4X2             1      8.840    ASCEND_NCLP65GPSVT       0 
ST_INCLPAO22OF4X7            34    282.880    ASCEND_NCLP65GPSVT       0 
ST_NCL1W111OF3X4              3     10.920    ASCEND_NCL65GPSVT        0 
ST_NCL1W111OF3X9              1      4.160    ASCEND_NCL65GPSVT        0 
ST_NCL1W11OF2X13              3     10.920    ASCEND_NCL65GPSVT        0 
ST_NCL1W11OF2X2               3      9.360    ASCEND_NCL65GPSVT        0 
ST_NCL1W11OF2X4              10     31.200    ASCEND_NCL65GPSVT        0 
ST_NCL1W11OF2X7               2      6.240    ASCEND_NCL65GPSVT        0 
ST_NCL1W11OF2X9             368   1148.160    ASCEND_NCL65GPSVT        0 
ST_NCL2W111OF3X13             1      9.360    ASCEND_NCL65GPSVT        0 
ST_NCL2W111OF3X4              1      8.320    ASCEND_NCL65GPSVT        0 
ST_NCL2W111OF3X9              6     49.920    ASCEND_NCL65GPSVT        0 
ST_NCL2W11OF2X13            326   2034.240    ASCEND_NCL65GPSVT        0 
ST_NCL2W11OF2X4             154    800.800    ASCEND_NCL65GPSVT        0 
ST_NCL2W11OF2X9              12     74.880    ASCEND_NCL65GPSVT        0 
ST_NCL2W211OF3X13             2     14.560    ASCEND_NCL65GPSVT        0 
ST_NCL2W211OF3X7              2     12.480    ASCEND_NCL65GPSVT        0 
ST_NCL2W211OF3X9             43    268.320    ASCEND_NCL65GPSVT        0 
ST_NCL2W2211OF4X13            9     79.560    ASCEND_NCL65GPSVT        0 
ST_NCL3W111OF3X18             1      6.760    ASCEND_NCL65GPSVT        0 
ST_NCL3W111OF3X4              1      6.240    ASCEND_NCL65GPSVT        0 
ST_NCL3W111OF3X7             43    268.320    ASCEND_NCL65GPSVT        0 
ST_NCL3W111OF3X9              7     50.960    ASCEND_NCL65GPSVT        0 
ST_NCL3W211OF3X18             2     15.600    ASCEND_NCL65GPSVT        0 
ST_NCL3W211OF3X4              1      6.760    ASCEND_NCL65GPSVT        0 
ST_NCL3W211OF3X9             15    101.400    ASCEND_NCL65GPSVT        0 
ST_NCL3W3211OF4X13            2     20.800    ASCEND_NCL65GPSVT        0 
ST_NCL3W3211OF4X4             1      8.840    ASCEND_NCL65GPSVT        0 
ST_NCL3W3211OF4X9            12    106.080    ASCEND_NCL65GPSVT        0 
ST_NCL4W1111OF4X13            3     26.520    ASCEND_NCL65GPSVT        0 
ST_NCL4W1111OF4X7            47    366.600    ASCEND_NCL65GPSVT        0 
ST_NCL5W2211OF4X4             9     79.560    ASCEND_NCL65GPSVT        0 
ST_NCL5W2211OF4X9             1      8.840    ASCEND_NCL65GPSVT        0 
ST_NCL5W3211OF4X7             1      9.360    ASCEND_NCL65GPSVT        0 
ST_NCL5W3211OF4X9            52    459.680    ASCEND_NCL65GPSVT        0 
ST_NCLAO22OF4X13             35    345.800    ASCEND_NCL65GPSVT        0 
ST_NCLAO22OF4X2               1      8.840    ASCEND_NCL65GPSVT        0 
ST_NCLAO22OF4X7             361   3003.520    ASCEND_NCL65GPSVT        0 
ST_NCLAO22OF4X9              16    141.440    ASCEND_NCL65GPSVT        0 
ST_NCLOA22OF4X4               5     44.200    ASCEND_NCL65GPSVT        0 
ST_NCLOA22OF4X7               1      9.360    ASCEND_NCL65GPSVT        0 
ST_NCLOA22OF4X9               9     84.240    ASCEND_NCL65GPSVT        0 
ST_NCLP1W1111OF4X4            2      9.360    ASCEND_NCLP65GPSVT       0 
ST_NCLP1W111OF3X18            1      4.680    ASCEND_NCLP65GPSVT       0 
ST_NCLP1W111OF3X9             2      8.320    ASCEND_NCLP65GPSVT       0 
ST_NCLP1W11OF2X13             1      3.640    ASCEND_NCLP65GPSVT       0 
ST_NCLP1W11OF2X18            14     50.960    ASCEND_NCLP65GPSVT       0 
ST_NCLP1W11OF2X4              1      3.120    ASCEND_NCLP65GPSVT       0 
ST_NCLP1W11OF2X7              4     12.480    ASCEND_NCLP65GPSVT       0 
ST_NCLP1W11OF2X9             34    106.080    ASCEND_NCLP65GPSVT       0 
ST_NCLP2W11OF2X13             4     24.960    ASCEND_NCLP65GPSVT       0 
ST_NCLP2W11OF2X2             30    156.000    ASCEND_NCLP65GPSVT       0 
ST_NCLP2W11OF2X4            150    780.000    ASCEND_NCLP65GPSVT       0 
ST_NCLP2W11OF2X7              1      6.240    ASCEND_NCLP65GPSVT       0 
ST_NCLP2W11OF2X9             11     68.640    ASCEND_NCLP65GPSVT       0 
ST_NCLP2W211OF3X13            9     65.520    ASCEND_NCLP65GPSVT       0 
ST_NCLP2W211OF3X18           12     87.360    ASCEND_NCLP65GPSVT       0 
ST_NCLP2W211OF3X9             7     47.320    ASCEND_NCLP65GPSVT       0 
ST_NCLP3W111OF3X18            2     13.520    ASCEND_NCLP65GPSVT       0 
ST_NCLP3W111OF3X4            18    112.320    ASCEND_NCLP65GPSVT       0 
ST_NCLP3W111OF3X7             2     12.480    ASCEND_NCLP65GPSVT       0 
ST_NCLP3W211OF3X13            1      7.280    ASCEND_NCLP65GPSVT       0 
ST_NCLP3W211OF3X18           15    109.200    ASCEND_NCLP65GPSVT       0 
ST_NCLP3W211OF3X7             2     13.520    ASCEND_NCLP65GPSVT       0 
ST_NCLP3W211OF3X9            29    196.040    ASCEND_NCLP65GPSVT       0 
ST_NCLP3W3111OF4X2            1      8.320    ASCEND_NCLP65GPSVT       0 
ST_NCLP3W3111OF4X9            3     26.520    ASCEND_NCLP65GPSVT       0 
ST_NCLP3W3211OF4X7            3     26.520    ASCEND_NCLP65GPSVT       0 
ST_NCLP4W1111OF4X7           32    249.600    ASCEND_NCLP65GPSVT       0 
ST_NCLP5W2211OF4X9            1      8.840    ASCEND_NCLP65GPSVT       0 
ST_NCLP5W3211OF4X9            1      9.360    ASCEND_NCLP65GPSVT       0 
ST_NCLPAO22OF4X7              4     33.280    ASCEND_NCLP65GPSVT       0 
ST_NCLPOA22OF4X13             1      9.360    ASCEND_NCLP65GPSVT       0 
ST_NCLPOA22OF4X9              1      8.840    ASCEND_NCLP65GPSVT       0 
ST_RNCL2W11OF2X18             1      7.280    ASCEND_NCL65GPSVT        0 
ST_RNCL2W11OF2X2             15     93.600    ASCEND_NCL65GPSVT        0 
ST_RNCL2W11OF2X4             21    131.040    ASCEND_NCL65GPSVT        0 
ST_RNCL2W11OF2X7              1      6.240    ASCEND_NCL65GPSVT        0 
ST_RNCL2W11OF2X9           1450   9048.000    ASCEND_NCL65GPSVT        0 
ST_SNCL2W11OF2X9            300   1872.000    ASCEND_NCL65GPSVT        0 
SY_INCL2W11OF2X13             2     17.680    ASCEND_NCL65GPSVT        0 
SY_INCL2W11OF2X18            13    114.920    ASCEND_NCL65GPSVT        0 
SY_INCL2W11OF2X2             12     81.120    ASCEND_NCL65GPSVT        0 
SY_INCL2W11OF2X4             41    255.840    ASCEND_NCL65GPSVT        0 
SY_INCL2W11OF2X7             39    243.360    ASCEND_NCL65GPSVT        0 
SY_INCL2W11OF2X9            489   3051.360    ASCEND_NCL65GPSVT        0 
SY_INCLP2W11OF2X18            1      8.840    ASCEND_NCLP65GPSVT       0 
SY_INCLP2W11OF2X4             2     12.480    ASCEND_NCLP65GPSVT       0 
SY_INCLP2W11OF2X7            12     74.880    ASCEND_NCLP65GPSVT       0 
SY_INCLP2W11OF2X9           279   1740.960    ASCEND_NCLP65GPSVT       0 
SY_NCL2W11OF2X13              1      6.760    ASCEND_NCL65GPSVT        0 
SY_NCL2W11OF2X18              5     33.800    ASCEND_NCL65GPSVT        0 
SY_NCL2W11OF2X4               6     37.440    ASCEND_NCL65GPSVT        0 
SY_NCL2W11OF2X9              16     99.840    ASCEND_NCL65GPSVT        0 
SY_NCLP2W11OF2X13             1      6.760    ASCEND_NCLP65GPSVT       0 
SY_NCLP2W11OF2X18             6     40.560    ASCEND_NCLP65GPSVT       0 
SY_NCLP2W11OF2X4              4     24.960    ASCEND_NCLP65GPSVT       0 
SY_NCLP2W11OF2X9              3     18.720    ASCEND_NCLP65GPSVT       0 
SY_RNCL2W11OF2X13             1      7.800    ASCEND_NCL65GPSVT        0 
SY_RNCL2W11OF2X2              1      7.280    ASCEND_NCL65GPSVT        0 
SY_RNCL2W11OF2X4              1      7.280    ASCEND_NCL65GPSVT        0 
SY_RNCL2W11OF2X9              9     65.520    ASCEND_NCL65GPSVT        0 
-------------------------------------------------------------------------
total                     10336  53682.200                       


      Library      Instances    Area   Instances % 
---------------------------------------------------
ASCEND_NCL65GPSVT       7030 39739.440        68.0 
ASCEND_NCLP65GPSVT      2312 12299.040        22.4 
CORE65GPSVT              994  1643.720         9.6 

                                          
     Type      Instances    Area   Area % 
------------------------------------------
sequential          1800 11246.040   20.9 
inverter             854  1344.200    2.5 
buffer               140   299.520    0.6 
logic               7542 40792.440   76.0 
physical_cells         0     0.000    0.0 
------------------------------------------
total              10336 53682.200  100.0 

