============================================================
  Generated by:           Genus(TM) Synthesis Solution 18.14-s037_1
  Generated on:           Dec 16 2019  06:05:55 pm
  Module:                 xtea
    Operating conditions: wc_0.90V_125C 
  Interconnect mode:      global
  Area mode:              physical library
============================================================

Timing
--------

 Analysis view  Clock Period 
-----------------------------
worst_flop_view clk   5000.0 


    Analysis      Cost   Critical       Violating 
      View       Group  Path Slack TNS    Paths   
--------------------------------------------------
worst_flop_view     clk        0.0 0.0          0 
                default   No paths 0.0          0 
--------------------------------------------------
Total                              0.0          0 
                                                  

Instance Count
--------------
Leaf Instance Count             10336 
Physical Instance count             0 
Sequential Instance Count        1800 
Combinational Instance Count     8536 
Hierarchical Instance Count         0 

Area
----
Cell Area                          53682.200
Physical Cell Area                 0.000
Total Cell Area (Cell+Physical)    53682.200
Net Area                           22627.960
Total Area (Cell+Physical+Net)     76310.160

Max Fanout                         1800 (clk)
Min Fanout                         0 (n_6935)
Average Fanout                     2.3
Terms to net ratio                 3.3805
Terms to instance ratio            3.5277
Runtime                            1282.333234 seconds
Elapsed Runtime                    1283 seconds
Genus peak memory usage            1306.49 
Innovus peak memory usage          no_value 
Hostname                           paxos.inf.pucrs.br
