============================================================
  Generated by:           Genus(TM) Synthesis Solution 18.14-s037_1
  Generated on:           Dec 16 2019  06:05:53 pm
  Module:                 xtea
    Operating conditions: wc_0.90V_125C 
  Interconnect mode:      global
  Area mode:              physical library
============================================================


Path 1: MET (0 ps) Setup Check with Pin v1_reg_29__t/G->A
           View: worst_flop_view
          Group: clk
     Startpoint: (R) counter_reg_0__s1_t/G
          Clock: (R) clk
       Endpoint: (F) v1_reg_29__t/A
          Clock: (R) clk

                     Capture       Launch     
        Clock Edge:+    5000            0     
       Src Latency:+       0            0     
       Net Latency:+       0 (I)        0 (I) 
           Arrival:=    5000            0     
                                              
             Setup:-       3                  
       Uncertainty:-      10                  
     Required Time:=    4987                  
      Launch Clock:-       0                  
         Data Path:-    4987                  
             Slack:=       0                  

#---------------------------------------------------------------------------------------------------------
#     Timing Point      Flags   Arc   Edge         Cell          Fanout Load Trans Delay Arrival Instance 
#                                                                       (fF)  (ps)  (ps)   (ps)  Location 
#---------------------------------------------------------------------------------------------------------
  counter_reg_0__s1_t/G -       -     R     (arrival)              1800    -     0     -       0    (-,-) 
  counter_reg_0__s1_t/Q (p)     G->Q  F     SY_RNCL2W11OF2X9          3 13.6    47    80      80    (-,-) 
  fopt178268/Z          -       A->Z  R     HS65_GS_IVX4              4 17.0   112    77     157    (-,-) 
  g178716/Q             (P)     B->Q  R     ST_NCLP1W11OF2X18         2 18.2    61    78     234    (-,-) 
  drc_bufs184359/Z      -       A->Z  F     HS65_GS_IVX18            14 56.7    59    57     291    (-,-) 
  g184361/Q             (p)     D->Q  F     ST_NCLOA22OF4X9           1 10.6    80   145     436    (-,-) 
  g184616/Q             (p)     A->Q  R     SY_INCL2W11OF2X18         2 11.9    69    41     477    (-,-) 
  g169508/Q             (P)     B->Q  F     ST_INCLP1W11OF2X13        3 11.1    71    46     523    (-,-) 
  g184618/Q             (p)     B->Q  F     ST_NCL3W111OF3X7          1  5.5    66   136     658    (-,-) 
  g173864/Q             (p)     A->Q  F     ST_NCL2W211OF3X9          2  9.3    75   148     806    (-,-) 
  g186189/Q             (p)     B->Q  F     ST_NCLAO22OF4X13          2  8.9    69   150     956    (-,-) 
  g168425/Q             (p)     B->Q  R     SY_INCL2W11OF2X4          1  4.9   106    58    1014    (-,-) 
  drc180272/Z           -       A->Z  R     HS65_GS_BFX9              2 11.5    46    75    1089    (-,-) 
  g167606/Q             (P)     A->Q  F     ST_INCLP1W11OF2X18        3 13.2    61    38    1127    (-,-) 
  g167467/Q             (p)     B->Q  R     SY_INCL2W11OF2X7          1  6.5    86    48    1176    (-,-) 
  g180295/Q             (P)     A->Q  F     ST_INCLP1W11OF2X13        2 10.7    74    48    1224    (-,-) 
  g185109/Q             (p)     A->Q  R     SY_INCL2W11OF2X9          2 12.8   108    62    1286    (-,-) 
  g179078/Q             (P)     B->Q  F     ST_INCLP1W11OF2X18        3 15.1    71    49    1335    (-,-) 
  g185113/Q             (p)     B->Q  R     ST_INCL2W11OF2X18         1 11.4    94    48    1382    (-,-) 
  g179125/Q             (P)     B->Q  F     ST_INCLP1W11OF2X27        3 14.0    51    32    1414    (-,-) 
  g166972/Q             (p)     B->Q  R     SY_INCL2W11OF2X9          1  8.9    82    47    1461    (-,-) 
  g166916/Q             (P)     B->Q  F     ST_INCLP1W11OF2X18        3 13.8    63    43    1504    (-,-) 
  g166834/Q             (p)     B->Q  R     SY_INCL2W11OF2X9          1  6.6    72    42    1546    (-,-) 
  g180837/Q             (P)     A->Q  F     ST_INCLP1W11OF2X9         2 12.6    79    49    1595    (-,-) 
  g166697/Q             (p)     B->Q  R     SY_INCL2W11OF2X13         2 14.7    90    54    1649    (-,-) 
  g166646/Q             (P)     A->Q  F     ST_INCLP1W11OF2X27        5 20.9    69    38    1686    (-,-) 
  g184922/Q             (p)     B->Q  R     ST_INCL1W11OF2X18         1 11.2    98    55    1741    (-,-) 
  g166557/Q             (P)     A->Q  F     ST_INCLP2W11OF2X31        4 23.6    85    34    1775    (-,-) 
  g186089/Q             (p)     A->Q  R     ST_INCL3W211OF3X31        1 11.2   111    65    1840    (-,-) 
  g186088/Q             (P)     A->Q  F     ST_INCLP1W11OF2X27        3 14.2    66    33    1873    (-,-) 
  g185804/Q             (p)     B->Q  R     SY_INCL2W11OF2X9          1  6.7    94    43    1916    (-,-) 
  g178537/Q             (P)     B->Q  F     ST_INCLP1W11OF2X9         2 11.8    77    52    1967    (-,-) 
  g166259/Q             (p)     B->Q  R     ST_INCL2W11OF2X18         2 12.3    98    51    2018    (-,-) 
  g166205/Q             (P)     B->Q  R     ST_NCLP2W11OF2X2          1  6.7   138   119    2138    (-,-) 
  g166195/Q             (P)     B->Q  F     ST_INCLP1W11OF2X9         2 11.0    95    57    2194    (-,-) 
  g185387/Q             (p)     D->Q  R     ST_INCLAO22OF4X9          2  8.6   239   125    2320    (-,-) 
  g165990/Q             (P)     B->Q  R     ST_NCLP1W11OF2X9          2 11.6    78   102    2421    (-,-) 
  g165973/Z             -       A->Z  F     HS65_GS_IVX9              1  7.1    27    35    2456    (-,-) 
  g184971/Q             (p)     B->Q  R     SY_INCL2W11OF2X9          1  8.9    86    44    2500    (-,-) 
  g181718/Q             (P)     B->Q  F     ST_INCLP1W11OF2X18        2 10.5    61    38    2539    (-,-) 
  g165806/Q             (p)     B->Q  R     SY_INCL2W11OF2X9          2  9.9    89    52    2590    (-,-) 
  g165759/Q             (P)     B->Q  F     ST_INCLP1W11OF2X9         2 11.5    74    50    2640    (-,-) 
  g165689/Q             (p)     B->Q  R     SY_INCL2W11OF2X9          1  8.9    87    51    2692    (-,-) 
  g165660/Q             (P)     B->Q  F     ST_INCLP1W11OF2X18        3 18.8    79    51    2742    (-,-) 
  g186056/Q             (p)     A->Q  R     ST_INCL3W211OF3X31        1  5.3    93    53    2796    (-,-) 
  g77/Q                 (P)     A->Q  R     ST_NCLP1W11OF2X18         2  9.3    43    57    2853    (-,-) 
  g73/Q                 (P)     C->Q  R     ST_NCLP2W211OF3X18        2 10.4    51    64    2917    (-,-) 
  g181902/Q             (P)     B->Q  R     SY_NCLP2W11OF2X18         2 15.3    54    52    2969    (-,-) 
  g181901/Q             (P)     B->Q  F     ST_INCLP1W11OF2X27        3 14.0    52    26    2995    (-,-) 
  g185739/Q             (p)     B->Q  R     SY_INCL2W11OF2X9          1 11.2    99    54    3049    (-,-) 
  g178620/Q             (P)     A->Q  F     ST_INCLP1W11OF2X27        2 10.6    55    29    3078    (-,-) 
  g165210/Q             (p)     B->Q  R     SY_INCL2W11OF2X9          2 14.8   117    64    3141    (-,-) 
  g178624/Q             (P)     B->Q  F     ST_INCLP1W11OF2X27        3 13.7    59    33    3175    (-,-) 
  g165121/Q             (p)     B->Q  R     SY_INCL2W11OF2X9          1  5.3    64    37    3212    (-,-) 
  g182393/Q             (P)     A->Q  R     ST_NCLP1W11OF2X18         2 13.6    56    59    3271    (-,-) 
  g182479/Q             (P)     B->Q  F     SY_INCLP2W11OF2X18        2 14.9    43    29    3300    (-,-) 
  g186207/Q             (p)     C->Q  R     ST_INCL3W211OF3X31        1  8.9    96    35    3335    (-,-) 
  g164851__1309/Q       (P)     B->Q  F     ST_INCLP1W11OF2X18        3 15.3    70    47    3382    (-,-) 
  g164808__1857/Q       (p)     B->Q  R     ST_INCL2W11OF2X18         1 11.4    93    48    3430    (-,-) 
  g164749__183333/Q     (P)     B->Q  F     ST_INCLP1W11OF2X27        4 17.6    58    35    3465    (-,-) 
  g164677__5266/Q       (p)     B->Q  R     SY_INCL2W11OF2X9          1  6.7    71    41    3506    (-,-) 
  g164635__7675/Q       (P)     B->Q  F     ST_INCLP1W11OF2X9         3 19.7   104    63    3569    (-,-) 
  g186321/Q             (p)     A->Q  R     ST_INCL3W211OF3X31        1  8.9   113    62    3630    (-,-) 
  g186049/Q             (P)     B->Q  F     ST_INCLP1W11OF2X18        4 19.0    81    56    3686    (-,-) 
  g164497__185457/Q     (p)     B->Q  R     ST_INCL2W11OF2X18         1  6.6    76    37    3724    (-,-) 
  g164463__6083/Q       (P)     A->Q  F     ST_INCLP1W11OF2X9         2 11.5    77    48    3771    (-,-) 
  g164407__184460/Q     (p)     B->Q  R     ST_INCL2W11OF2X18         1 11.2    94    48    3820    (-,-) 
  g6/Q                  (P)     A->Q  F     ST_INCLP1W11OF2X27        4 17.7    50    35    3854    (-,-) 
  g164330__7118/Q       (p)     B->Q  R     SY_INCL2W11OF2X9          1  8.9    90    47    3901    (-,-) 
  g164305__6083/Q       (P)     B->Q  F     ST_INCLP1W11OF2X18        3 14.1    74    44    3946    (-,-) 
  g164251__1857/Q       (p)     B->Q  R     SY_INCL2W11OF2X9          1  8.9    85    51    3996    (-,-) 
  g164235__7675/Q       (P)     B->Q  F     ST_INCLP1W11OF2X18        3 14.0    67    44    4040    (-,-) 
  g164189__7344/Q       (p)     B->Q  R     SY_INCL2W11OF2X9          1  8.9    85    50    4090    (-,-) 
  g164173__2900/Q       (P)     B->Q  F     ST_INCLP1W11OF2X18        4 20.2    87    52    4142    (-,-) 
  g164141__9682/Q       (p)     B->Q  R     ST_INCL2W11OF2X18         1 11.2    97    49    4191    (-,-) 
  g164126__178468/Q     (P)     A->Q  F     ST_INCLP1W11OF2X27        3 14.6    47    32    4224    (-,-) 
  g164099__184877/Q     (p)     B->Q  R     ST_INCL2W11OF2X13         1 11.2    88    46    4269    (-,-) 
  g178720/Q             (P)     A->Q  F     ST_INCLP1W11OF2X27        3 14.1    44    31    4301    (-,-) 
  g164049__184882/Q     (p)     B->Q  R     ST_INCL2W11OF2X13         1 11.4    89    46    4346    (-,-) 
  g164034__179335/Q     (P)     B->Q  F     ST_INCLP1W11OF2X27        4 17.4    53    34    4381    (-,-) 
  g186743/Q             (p)     A->Q  F     ST_NCLAO22OF4X13          2 14.6    80   171    4552    (-,-) 
  g163982__184466/Q     (p)     A->Q  F     ST_NCL3W3211OF4X13        2 15.9    78   162    4714    (-,-) 
  g163960__2683/Q       (p)     B->Q  R     SY_INCL2W11OF2X4          2 10.9   180    94    4808    (-,-) 
  g163908__8757/Q       (P)     B->Q  F     ST_INCLP3W3211OF4X18      1  6.4   107    71    4879    (-,-) 
  g185858/Q             (p)     B->Q  R     SY_INCL2W11OF2X7          1  4.8    82    47    4926    (-,-) 
  g185856/Q             (P)     B->Q  F     ST_INCLP1W11OF2X4         1  5.1   103    61    4987    (-,-) 
  v1_reg_29__t/A        <<< (p) -     F     ST_RNCL2W11OF2X4          1    -     -     0    4987    (-,-) 
#---------------------------------------------------------------------------------------------------------

(P) : Instance is preserved
(p) : Instance is preserved but may be resized


